2021-06-20 17:46:01.008 INFO  com.mybatis.demo.DemoApplication - Starting DemoApplication using Java 1.8.0_261 on LAPTOP-RHG9F79K with PID 2696 (D:\github\spring-boot-demo\springboot-mybatis\target\classes started by Garyo in D:\github\spring-boot-demo)
2021-06-20 17:46:01.014 INFO  com.mybatis.demo.DemoApplication - The following profiles are active: dev
2021-06-20 17:46:01.644 INFO  o.s.d.r.config.RepositoryConfigurationDelegate - Multiple Spring Data modules found, entering strict repository configuration mode!
2021-06-20 17:46:01.647 INFO  o.s.d.r.config.RepositoryConfigurationDelegate - Bootstrapping Spring Data Redis repositories in DEFAULT mode.
2021-06-20 17:46:01.663 INFO  o.s.d.r.config.RepositoryConfigurationDelegate - Finished Spring Data repository scanning in 5 ms. Found 0 Redis repository interfaces.
2021-06-20 17:46:02.332 INFO  o.s.boot.web.embedded.tomcat.TomcatWebServer - Tomcat initialized with port(s): 8080 (http)
2021-06-20 17:46:02.341 INFO  org.apache.coyote.http11.Http11NioProtocol - Initializing ProtocolHandler ["http-nio-8080"]
2021-06-20 17:46:02.342 INFO  org.apache.catalina.core.StandardService - Starting service [Tomcat]
2021-06-20 17:46:02.342 INFO  org.apache.catalina.core.StandardEngine - Starting Servlet engine: [Apache Tomcat/9.0.46]
2021-06-20 17:46:02.426 INFO  o.a.c.c.C.[Tomcat].[localhost].[/mybatis] - Initializing Spring embedded WebApplicationContext
2021-06-20 17:46:02.426 INFO  o.s.b.w.s.c.ServletWebServerApplicationContext - Root WebApplicationContext: initialization completed in 1373 ms
2021-06-20 17:46:03.184 INFO  org.apache.coyote.http11.Http11NioProtocol - Starting ProtocolHandler ["http-nio-8080"]
2021-06-20 17:46:03.198 INFO  o.s.boot.web.embedded.tomcat.TomcatWebServer - Tomcat started on port(s): 8080 (http) with context path '/mybatis'
2021-06-20 17:46:03.205 INFO  com.mybatis.demo.DemoApplication - Started DemoApplication in 2.701 seconds (JVM running for 3.094)
2021-06-20 17:46:03.206 INFO  o.s.boot.availability.ApplicationAvailabilityBean - Application availability state LivenessState changed to CORRECT
2021-06-20 17:46:03.207 INFO  o.s.boot.availability.ApplicationAvailabilityBean - Application availability state ReadinessState changed to ACCEPTING_TRAFFIC
2021-06-20 17:46:36.072 INFO  o.a.c.c.C.[Tomcat].[localhost].[/mybatis] - Initializing Spring DispatcherServlet 'dispatcherServlet'
2021-06-20 17:46:36.072 INFO  org.springframework.web.servlet.DispatcherServlet - Initializing Servlet 'dispatcherServlet'
2021-06-20 17:46:36.073 INFO  org.springframework.web.servlet.DispatcherServlet - Completed initialization in 1 ms
2021-06-20 17:46:36.099 INFO  com.mybatis.demo.controller.ProdUserController - info级别的日志
2021-06-20 17:46:36.119 INFO  com.zaxxer.hikari.HikariDataSource - HikariPool-1 - Starting...
2021-06-20 17:46:36.677 INFO  com.zaxxer.hikari.HikariDataSource - HikariPool-1 - Start completed.
2021-06-20 18:08:43.257 INFO  com.mybatis.demo.DemoApplication - Starting DemoApplication using Java 1.8.0_261 on LAPTOP-RHG9F79K with PID 16580 (D:\github\spring-boot-demo\springboot-mybatis\target\classes started by Garyo in D:\github\spring-boot-demo)
2021-06-20 18:08:43.258 INFO  com.mybatis.demo.DemoApplication - The following profiles are active: dev
2021-06-20 18:08:43.822 INFO  o.s.d.r.config.RepositoryConfigurationDelegate - Multiple Spring Data modules found, entering strict repository configuration mode!
2021-06-20 18:08:43.824 INFO  o.s.d.r.config.RepositoryConfigurationDelegate - Bootstrapping Spring Data Redis repositories in DEFAULT mode.
2021-06-20 18:08:43.841 INFO  o.s.d.r.config.RepositoryConfigurationDelegate - Finished Spring Data repository scanning in 5 ms. Found 0 Redis repository interfaces.
2021-06-20 18:08:44.482 INFO  o.s.boot.web.embedded.tomcat.TomcatWebServer - Tomcat initialized with port(s): 8080 (http)
2021-06-20 18:08:44.491 INFO  org.apache.coyote.http11.Http11NioProtocol - Initializing ProtocolHandler ["http-nio-8080"]
2021-06-20 18:08:44.491 INFO  org.apache.catalina.core.StandardService - Starting service [Tomcat]
2021-06-20 18:08:44.491 INFO  org.apache.catalina.core.StandardEngine - Starting Servlet engine: [Apache Tomcat/9.0.46]
2021-06-20 18:08:44.570 INFO  o.a.c.c.C.[Tomcat].[localhost].[/mybatis] - Initializing Spring embedded WebApplicationContext
2021-06-20 18:08:44.571 INFO  o.s.b.w.s.c.ServletWebServerApplicationContext - Root WebApplicationContext: initialization completed in 1271 ms
2021-06-20 18:08:45.301 INFO  org.apache.coyote.http11.Http11NioProtocol - Starting ProtocolHandler ["http-nio-8080"]
2021-06-20 18:08:45.315 INFO  o.s.boot.web.embedded.tomcat.TomcatWebServer - Tomcat started on port(s): 8080 (http) with context path '/mybatis'
2021-06-20 18:08:45.324 INFO  com.mybatis.demo.DemoApplication - Started DemoApplication in 2.506 seconds (JVM running for 2.86)
2021-06-20 18:08:45.325 INFO  o.s.boot.availability.ApplicationAvailabilityBean - Application availability state LivenessState changed to CORRECT
2021-06-20 18:08:45.326 INFO  o.s.boot.availability.ApplicationAvailabilityBean - Application availability state ReadinessState changed to ACCEPTING_TRAFFIC
2021-06-20 18:09:02.705 INFO  o.a.c.c.C.[Tomcat].[localhost].[/mybatis] - Initializing Spring DispatcherServlet 'dispatcherServlet'
2021-06-20 18:09:02.706 INFO  org.springframework.web.servlet.DispatcherServlet - Initializing Servlet 'dispatcherServlet'
2021-06-20 18:09:02.707 INFO  org.springframework.web.servlet.DispatcherServlet - Completed initialization in 1 ms
2021-06-20 18:09:45.429 INFO  com.mybatis.demo.DemoApplication - Starting DemoApplication using Java 1.8.0_261 on LAPTOP-RHG9F79K with PID 104 (D:\github\spring-boot-demo\springboot-mybatis\target\classes started by Garyo in D:\github\spring-boot-demo)
2021-06-20 18:09:45.431 INFO  com.mybatis.demo.DemoApplication - The following profiles are active: dev
2021-06-20 18:09:45.955 INFO  o.s.d.r.config.RepositoryConfigurationDelegate - Multiple Spring Data modules found, entering strict repository configuration mode!
2021-06-20 18:09:45.958 INFO  o.s.d.r.config.RepositoryConfigurationDelegate - Bootstrapping Spring Data Redis repositories in DEFAULT mode.
2021-06-20 18:09:45.974 INFO  o.s.d.r.config.RepositoryConfigurationDelegate - Finished Spring Data repository scanning in 4 ms. Found 0 Redis repository interfaces.
2021-06-20 18:09:46.602 INFO  o.s.boot.web.embedded.tomcat.TomcatWebServer - Tomcat initialized with port(s): 8080 (http)
2021-06-20 18:09:46.611 INFO  org.apache.coyote.http11.Http11NioProtocol - Initializing ProtocolHandler ["http-nio-8080"]
2021-06-20 18:09:46.612 INFO  org.apache.catalina.core.StandardService - Starting service [Tomcat]
2021-06-20 18:09:46.612 INFO  org.apache.catalina.core.StandardEngine - Starting Servlet engine: [Apache Tomcat/9.0.46]
2021-06-20 18:09:46.697 INFO  o.a.c.c.C.[Tomcat].[localhost].[/mybatis] - Initializing Spring embedded WebApplicationContext
2021-06-20 18:09:46.697 INFO  o.s.b.w.s.c.ServletWebServerApplicationContext - Root WebApplicationContext: initialization completed in 1228 ms
2021-06-20 18:09:47.417 INFO  org.apache.coyote.http11.Http11NioProtocol - Starting ProtocolHandler ["http-nio-8080"]
2021-06-20 18:09:47.431 INFO  o.s.boot.web.embedded.tomcat.TomcatWebServer - Tomcat started on port(s): 8080 (http) with context path '/mybatis'
2021-06-20 18:09:47.438 INFO  com.mybatis.demo.DemoApplication - Started DemoApplication in 2.455 seconds (JVM running for 2.799)
2021-06-20 18:09:47.439 INFO  o.s.boot.availability.ApplicationAvailabilityBean - Application availability state LivenessState changed to CORRECT
2021-06-20 18:09:47.440 INFO  o.s.boot.availability.ApplicationAvailabilityBean - Application availability state ReadinessState changed to ACCEPTING_TRAFFIC
2021-06-20 18:09:51.084 INFO  o.a.c.c.C.[Tomcat].[localhost].[/mybatis] - Initializing Spring DispatcherServlet 'dispatcherServlet'
2021-06-20 18:09:51.084 INFO  org.springframework.web.servlet.DispatcherServlet - Initializing Servlet 'dispatcherServlet'
2021-06-20 18:09:51.085 INFO  org.springframework.web.servlet.DispatcherServlet - Completed initialization in 1 ms
2021-06-20 18:27:22.390 INFO  com.mybatis.demo.DemoApplication - Starting DemoApplication using Java 1.8.0_261 on LAPTOP-RHG9F79K with PID 9016 (D:\github\spring-boot-demo\springboot-mybatis\target\classes started by Garyo in D:\github\spring-boot-demo)
2021-06-20 18:27:22.392 INFO  com.mybatis.demo.DemoApplication - The following profiles are active: dev
2021-06-20 18:27:23.105 INFO  o.s.d.r.config.RepositoryConfigurationDelegate - Multiple Spring Data modules found, entering strict repository configuration mode!
2021-06-20 18:27:23.107 INFO  o.s.d.r.config.RepositoryConfigurationDelegate - Bootstrapping Spring Data Redis repositories in DEFAULT mode.
2021-06-20 18:27:23.123 INFO  o.s.d.r.config.RepositoryConfigurationDelegate - Finished Spring Data repository scanning in 5 ms. Found 0 Redis repository interfaces.
2021-06-20 18:27:23.822 INFO  o.s.boot.web.embedded.tomcat.TomcatWebServer - Tomcat initialized with port(s): 8080 (http)
2021-06-20 18:27:23.837 INFO  org.apache.coyote.http11.Http11NioProtocol - Initializing ProtocolHandler ["http-nio-8080"]
2021-06-20 18:27:23.838 INFO  org.apache.catalina.core.StandardService - Starting service [Tomcat]
2021-06-20 18:27:23.838 INFO  org.apache.catalina.core.StandardEngine - Starting Servlet engine: [Apache Tomcat/9.0.46]
2021-06-20 18:27:23.975 INFO  o.a.c.c.C.[Tomcat].[localhost].[/mybatis] - Initializing Spring embedded WebApplicationContext
2021-06-20 18:27:23.975 INFO  o.s.b.w.s.c.ServletWebServerApplicationContext - Root WebApplicationContext: initialization completed in 1544 ms
2021-06-20 18:27:24.746 INFO  s.d.s.w.PropertySourcedRequestMappingHandlerMapping - Mapped URL path [/v2/api-docs] onto method [springfox.documentation.swagger2.web.Swagger2Controller#getDocumentation(String, HttpServletRequest)]
2021-06-20 18:27:24.962 INFO  org.apache.coyote.http11.Http11NioProtocol - Starting ProtocolHandler ["http-nio-8080"]
2021-06-20 18:27:24.976 INFO  o.s.boot.web.embedded.tomcat.TomcatWebServer - Tomcat started on port(s): 8080 (http) with context path '/mybatis'
2021-06-20 18:27:24.977 INFO  s.d.s.web.plugins.DocumentationPluginsBootstrapper - Context refreshed
2021-06-20 18:27:24.997 INFO  s.d.s.web.plugins.DocumentationPluginsBootstrapper - Found 1 custom documentation plugin(s)
2021-06-20 18:27:25.020 INFO  s.d.spring.web.scanners.ApiListingReferenceScanner - Scanning for api listing references
2021-06-20 18:27:25.092 INFO  com.mybatis.demo.DemoApplication - Started DemoApplication in 3.178 seconds (JVM running for 3.58)
2021-06-20 18:27:25.093 INFO  o.s.boot.availability.ApplicationAvailabilityBean - Application availability state LivenessState changed to CORRECT
2021-06-20 18:27:25.095 INFO  o.s.boot.availability.ApplicationAvailabilityBean - Application availability state ReadinessState changed to ACCEPTING_TRAFFIC
2021-06-20 18:27:51.700 INFO  o.a.c.c.C.[Tomcat].[localhost].[/mybatis] - Initializing Spring DispatcherServlet 'dispatcherServlet'
2021-06-20 18:27:51.700 INFO  org.springframework.web.servlet.DispatcherServlet - Initializing Servlet 'dispatcherServlet'
2021-06-20 18:27:51.701 INFO  org.springframework.web.servlet.DispatcherServlet - Completed initialization in 1 ms
2021-06-20 18:43:20.786 INFO  com.mybatis.demo.DemoApplication - Starting DemoApplication using Java 1.8.0_261 on LAPTOP-RHG9F79K with PID 11996 (D:\github\spring-boot-demo\springboot-mybatis\target\classes started by Garyo in D:\github\spring-boot-demo)
2021-06-20 18:43:20.788 INFO  com.mybatis.demo.DemoApplication - The following profiles are active: dev
2021-06-20 18:43:21.487 INFO  o.s.d.r.config.RepositoryConfigurationDelegate - Multiple Spring Data modules found, entering strict repository configuration mode!
2021-06-20 18:43:21.489 INFO  o.s.d.r.config.RepositoryConfigurationDelegate - Bootstrapping Spring Data Redis repositories in DEFAULT mode.
2021-06-20 18:43:21.503 INFO  o.s.d.r.config.RepositoryConfigurationDelegate - Finished Spring Data repository scanning in 4 ms. Found 0 Redis repository interfaces.
2021-06-20 18:43:22.144 INFO  o.s.boot.web.embedded.tomcat.TomcatWebServer - Tomcat initialized with port(s): 8080 (http)
2021-06-20 18:43:22.153 INFO  org.apache.coyote.http11.Http11NioProtocol - Initializing ProtocolHandler ["http-nio-8080"]
2021-06-20 18:43:22.153 INFO  org.apache.catalina.core.StandardService - Starting service [Tomcat]
2021-06-20 18:43:22.153 INFO  org.apache.catalina.core.StandardEngine - Starting Servlet engine: [Apache Tomcat/9.0.46]
2021-06-20 18:43:22.272 INFO  o.a.c.c.C.[Tomcat].[localhost].[/mybatis] - Initializing Spring embedded WebApplicationContext
2021-06-20 18:43:22.272 INFO  o.s.b.w.s.c.ServletWebServerApplicationContext - Root WebApplicationContext: initialization completed in 1449 ms
2021-06-20 18:43:22.941 INFO  s.d.s.w.PropertySourcedRequestMappingHandlerMapping - Mapped URL path [/v2/api-docs] onto method [springfox.documentation.swagger2.web.Swagger2Controller#getDocumentation(String, HttpServletRequest)]
2021-06-20 18:43:23.166 INFO  org.apache.coyote.http11.Http11NioProtocol - Starting ProtocolHandler ["http-nio-8080"]
2021-06-20 18:43:23.181 INFO  o.s.boot.web.embedded.tomcat.TomcatWebServer - Tomcat started on port(s): 8080 (http) with context path '/mybatis'
2021-06-20 18:43:23.182 INFO  s.d.s.web.plugins.DocumentationPluginsBootstrapper - Context refreshed
2021-06-20 18:43:23.198 INFO  s.d.s.web.plugins.DocumentationPluginsBootstrapper - Found 1 custom documentation plugin(s)
2021-06-20 18:43:23.220 INFO  s.d.spring.web.scanners.ApiListingReferenceScanner - Scanning for api listing references
2021-06-20 18:43:23.290 INFO  com.mybatis.demo.DemoApplication - Started DemoApplication in 2.971 seconds (JVM running for 3.343)
2021-06-20 18:43:23.291 INFO  o.s.boot.availability.ApplicationAvailabilityBean - Application availability state LivenessState changed to CORRECT
2021-06-20 18:43:23.293 INFO  o.s.boot.availability.ApplicationAvailabilityBean - Application availability state ReadinessState changed to ACCEPTING_TRAFFIC
2021-06-20 18:43:27.992 INFO  o.a.c.c.C.[Tomcat].[localhost].[/mybatis] - Initializing Spring DispatcherServlet 'dispatcherServlet'
2021-06-20 18:43:27.992 INFO  org.springframework.web.servlet.DispatcherServlet - Initializing Servlet 'dispatcherServlet'
2021-06-20 18:43:27.993 INFO  org.springframework.web.servlet.DispatcherServlet - Completed initialization in 1 ms
2021-06-20 18:45:42.512 INFO  com.mybatis.demo.DemoApplication - Starting DemoApplication using Java 1.8.0_261 on LAPTOP-RHG9F79K with PID 15716 (D:\github\spring-boot-demo\springboot-mybatis\target\classes started by Garyo in D:\github\spring-boot-demo)
2021-06-20 18:45:42.514 INFO  com.mybatis.demo.DemoApplication - The following profiles are active: dev
2021-06-20 18:45:43.193 INFO  o.s.d.r.config.RepositoryConfigurationDelegate - Multiple Spring Data modules found, entering strict repository configuration mode!
2021-06-20 18:45:43.195 INFO  o.s.d.r.config.RepositoryConfigurationDelegate - Bootstrapping Spring Data Redis repositories in DEFAULT mode.
2021-06-20 18:45:43.210 INFO  o.s.d.r.config.RepositoryConfigurationDelegate - Finished Spring Data repository scanning in 5 ms. Found 0 Redis repository interfaces.
2021-06-20 18:45:43.893 INFO  o.s.boot.web.embedded.tomcat.TomcatWebServer - Tomcat initialized with port(s): 8080 (http)
2021-06-20 18:45:43.902 INFO  org.apache.coyote.http11.Http11NioProtocol - Initializing ProtocolHandler ["http-nio-8080"]
2021-06-20 18:45:43.902 INFO  org.apache.catalina.core.StandardService - Starting service [Tomcat]
2021-06-20 18:45:43.902 INFO  org.apache.catalina.core.StandardEngine - Starting Servlet engine: [Apache Tomcat/9.0.46]
2021-06-20 18:45:43.983 INFO  o.a.c.c.C.[Tomcat].[localhost].[/mybatis] - Initializing Spring embedded WebApplicationContext
2021-06-20 18:45:43.983 INFO  o.s.b.w.s.c.ServletWebServerApplicationContext - Root WebApplicationContext: initialization completed in 1432 ms
2021-06-20 18:45:44.740 INFO  s.d.s.w.PropertySourcedRequestMappingHandlerMapping - Mapped URL path [/v2/api-docs] onto method [springfox.documentation.swagger2.web.Swagger2Controller#getDocumentation(String, HttpServletRequest)]
2021-06-20 18:45:45.047 INFO  org.apache.coyote.http11.Http11NioProtocol - Starting ProtocolHandler ["http-nio-8080"]
2021-06-20 18:45:45.062 INFO  o.s.boot.web.embedded.tomcat.TomcatWebServer - Tomcat started on port(s): 8080 (http) with context path '/mybatis'
2021-06-20 18:45:45.063 INFO  s.d.s.web.plugins.DocumentationPluginsBootstrapper - Context refreshed
2021-06-20 18:45:45.082 INFO  s.d.s.web.plugins.DocumentationPluginsBootstrapper - Found 1 custom documentation plugin(s)
2021-06-20 18:45:45.106 INFO  s.d.spring.web.scanners.ApiListingReferenceScanner - Scanning for api listing references
2021-06-20 18:45:45.190 INFO  com.mybatis.demo.DemoApplication - Started DemoApplication in 3.124 seconds (JVM running for 3.487)
2021-06-20 18:45:45.191 INFO  o.s.boot.availability.ApplicationAvailabilityBean - Application availability state LivenessState changed to CORRECT
2021-06-20 18:45:45.194 INFO  o.s.boot.availability.ApplicationAvailabilityBean - Application availability state ReadinessState changed to ACCEPTING_TRAFFIC
2021-06-20 18:45:48.923 INFO  o.a.c.c.C.[Tomcat].[localhost].[/mybatis] - Initializing Spring DispatcherServlet 'dispatcherServlet'
2021-06-20 18:45:48.923 INFO  org.springframework.web.servlet.DispatcherServlet - Initializing Servlet 'dispatcherServlet'
2021-06-20 18:45:48.925 INFO  org.springframework.web.servlet.DispatcherServlet - Completed initialization in 1 ms
2021-06-20 18:46:31.972 INFO  com.mybatis.demo.controller.ProdUserController - info级别的日志
2021-06-20 18:46:31.990 INFO  com.zaxxer.hikari.HikariDataSource - HikariPool-1 - Starting...
2021-06-20 18:46:32.445 INFO  com.zaxxer.hikari.HikariDataSource - HikariPool-1 - Start completed.
