2021-07-22 21:28:25.609 INFO  com.mybatis.demo.DemoApplication - Starting DemoApplication using Java 1.8.0_261 on LAPTOP-RHG9F79K with PID 11248 (D:\github\spring-boot-demo\springboot-mybatis\target\classes started by Garyo in D:\github\spring-boot-demo)
2021-07-22 21:28:25.609 INFO  com.mybatis.demo.DemoApplication - The following profiles are active: dev
2021-07-22 21:28:26.366 INFO  o.s.d.r.config.RepositoryConfigurationDelegate - Multiple Spring Data modules found, entering strict repository configuration mode!
2021-07-22 21:28:26.369 INFO  o.s.d.r.config.RepositoryConfigurationDelegate - Bootstrapping Spring Data Redis repositories in DEFAULT mode.
2021-07-22 21:28:26.391 INFO  o.s.d.r.config.RepositoryConfigurationDelegate - Finished Spring Data repository scanning in 6 ms. Found 0 Redis repository interfaces.
2021-07-22 21:28:27.106 INFO  o.s.boot.web.embedded.tomcat.TomcatWebServer - Tomcat initialized with port(s): 8080 (http)
2021-07-22 21:28:27.121 INFO  org.apache.coyote.http11.Http11NioProtocol - Initializing ProtocolHandler ["http-nio-8080"]
2021-07-22 21:28:27.121 INFO  org.apache.catalina.core.StandardService - Starting service [Tomcat]
2021-07-22 21:28:27.121 INFO  org.apache.catalina.core.StandardEngine - Starting Servlet engine: [Apache Tomcat/9.0.46]
2021-07-22 21:28:27.231 INFO  o.a.c.c.C.[Tomcat].[localhost].[/mybatis] - Initializing Spring embedded WebApplicationContext
2021-07-22 21:28:27.231 INFO  o.s.b.w.s.c.ServletWebServerApplicationContext - Root WebApplicationContext: initialization completed in 1575 ms
2021-07-22 21:28:27.809 INFO  org.apache.catalina.core.StandardService - Stopping service [Tomcat]
2021-07-22 21:28:27.824 INFO  o.s.b.a.l.ConditionEvaluationReportLoggingListener - 

Error starting ApplicationContext. To display the conditions report re-run your application with 'debug' enabled.
2021-07-22 21:33:09.332 INFO  com.mybatis.demo.DemoApplication - Starting DemoApplication using Java 1.8.0_261 on LAPTOP-RHG9F79K with PID 16960 (D:\github\spring-boot-demo\springboot-mybatis\target\classes started by Garyo in D:\github\spring-boot-demo)
2021-07-22 21:33:09.332 INFO  com.mybatis.demo.DemoApplication - The following profiles are active: dev
2021-07-22 21:33:10.041 INFO  o.s.d.r.config.RepositoryConfigurationDelegate - Multiple Spring Data modules found, entering strict repository configuration mode!
2021-07-22 21:33:10.041 INFO  o.s.d.r.config.RepositoryConfigurationDelegate - Bootstrapping Spring Data Redis repositories in DEFAULT mode.
2021-07-22 21:33:10.072 INFO  o.s.d.r.config.RepositoryConfigurationDelegate - Finished Spring Data repository scanning in 5 ms. Found 0 Redis repository interfaces.
2021-07-22 21:33:10.714 INFO  o.s.boot.web.embedded.tomcat.TomcatWebServer - Tomcat initialized with port(s): 8080 (http)
2021-07-22 21:33:10.714 INFO  org.apache.coyote.http11.Http11NioProtocol - Initializing ProtocolHandler ["http-nio-8080"]
2021-07-22 21:33:10.714 INFO  org.apache.catalina.core.StandardService - Starting service [Tomcat]
2021-07-22 21:33:10.714 INFO  org.apache.catalina.core.StandardEngine - Starting Servlet engine: [Apache Tomcat/9.0.46]
2021-07-22 21:33:10.799 INFO  o.a.c.c.C.[Tomcat].[localhost].[/mybatis] - Initializing Spring embedded WebApplicationContext
2021-07-22 21:33:10.799 INFO  o.s.b.w.s.c.ServletWebServerApplicationContext - Root WebApplicationContext: initialization completed in 1421 ms
2021-07-22 21:33:11.381 INFO  org.apache.catalina.core.StandardService - Stopping service [Tomcat]
2021-07-22 21:33:11.381 INFO  o.s.b.a.l.ConditionEvaluationReportLoggingListener - 

Error starting ApplicationContext. To display the conditions report re-run your application with 'debug' enabled.
2021-07-22 21:33:30.797 INFO  com.mybatis.demo.DemoApplication - Starting DemoApplication using Java 1.8.0_261 on LAPTOP-RHG9F79K with PID 5184 (D:\github\spring-boot-demo\springboot-mybatis\target\classes started by Garyo in D:\github\spring-boot-demo)
2021-07-22 21:33:30.799 INFO  com.mybatis.demo.DemoApplication - The following profiles are active: dev
2021-07-22 21:33:31.507 INFO  o.s.d.r.config.RepositoryConfigurationDelegate - Multiple Spring Data modules found, entering strict repository configuration mode!
2021-07-22 21:33:31.509 INFO  o.s.d.r.config.RepositoryConfigurationDelegate - Bootstrapping Spring Data Redis repositories in DEFAULT mode.
2021-07-22 21:33:31.525 INFO  o.s.d.r.config.RepositoryConfigurationDelegate - Finished Spring Data repository scanning in 5 ms. Found 0 Redis repository interfaces.
2021-07-22 21:33:32.179 INFO  o.s.boot.web.embedded.tomcat.TomcatWebServer - Tomcat initialized with port(s): 8080 (http)
2021-07-22 21:33:32.188 INFO  org.apache.coyote.http11.Http11NioProtocol - Initializing ProtocolHandler ["http-nio-8080"]
2021-07-22 21:33:32.189 INFO  org.apache.catalina.core.StandardService - Starting service [Tomcat]
2021-07-22 21:33:32.189 INFO  org.apache.catalina.core.StandardEngine - Starting Servlet engine: [Apache Tomcat/9.0.46]
2021-07-22 21:33:32.289 INFO  o.a.c.c.C.[Tomcat].[localhost].[/mybatis] - Initializing Spring embedded WebApplicationContext
2021-07-22 21:33:32.289 INFO  o.s.b.w.s.c.ServletWebServerApplicationContext - Root WebApplicationContext: initialization completed in 1456 ms
2021-07-22 21:33:33.050 INFO  s.d.s.w.PropertySourcedRequestMappingHandlerMapping - Mapped URL path [/v2/api-docs] onto method [springfox.documentation.swagger2.web.Swagger2Controller#getDocumentation(String, HttpServletRequest)]
2021-07-22 21:33:33.276 INFO  org.apache.coyote.http11.Http11NioProtocol - Starting ProtocolHandler ["http-nio-8080"]
2021-07-22 21:33:33.291 INFO  o.s.boot.web.embedded.tomcat.TomcatWebServer - Tomcat started on port(s): 8080 (http) with context path '/mybatis'
2021-07-22 21:33:33.292 INFO  s.d.s.web.plugins.DocumentationPluginsBootstrapper - Context refreshed
2021-07-22 21:33:33.309 INFO  s.d.s.web.plugins.DocumentationPluginsBootstrapper - Found 1 custom documentation plugin(s)
2021-07-22 21:33:33.332 INFO  s.d.spring.web.scanners.ApiListingReferenceScanner - Scanning for api listing references
2021-07-22 21:33:33.409 INFO  com.mybatis.demo.DemoApplication - Started DemoApplication in 3.07 seconds (JVM running for 3.442)
2021-07-22 21:33:33.410 INFO  o.s.boot.availability.ApplicationAvailabilityBean - Application availability state LivenessState changed to CORRECT
2021-07-22 21:33:33.411 INFO  o.s.boot.availability.ApplicationAvailabilityBean - Application availability state ReadinessState changed to ACCEPTING_TRAFFIC
