2021-07-18 21:14:04.427 INFO  com.mybatis.demo.DemoApplication - Starting DemoApplication using Java 1.8.0_261 on LAPTOP-RHG9F79K with PID 3796 (D:\github\spring-boot-demo\springboot-mybatis\target\classes started by Garyo in D:\github\spring-boot-demo)
2021-07-18 21:14:04.435 INFO  com.mybatis.demo.DemoApplication - The following profiles are active: dev
2021-07-18 21:14:05.210 INFO  o.s.d.r.config.RepositoryConfigurationDelegate - Multiple Spring Data modules found, entering strict repository configuration mode!
2021-07-18 21:14:05.213 INFO  o.s.d.r.config.RepositoryConfigurationDelegate - Bootstrapping Spring Data Redis repositories in DEFAULT mode.
2021-07-18 21:14:05.233 INFO  o.s.d.r.config.RepositoryConfigurationDelegate - Finished Spring Data repository scanning in 7 ms. Found 0 Redis repository interfaces.
2021-07-18 21:14:05.969 INFO  o.s.boot.web.embedded.tomcat.TomcatWebServer - Tomcat initialized with port(s): 8080 (http)
2021-07-18 21:14:05.980 INFO  org.apache.coyote.http11.Http11NioProtocol - Initializing ProtocolHandler ["http-nio-8080"]
2021-07-18 21:14:05.981 INFO  org.apache.catalina.core.StandardService - Starting service [Tomcat]
2021-07-18 21:14:05.981 INFO  org.apache.catalina.core.StandardEngine - Starting Servlet engine: [Apache Tomcat/9.0.46]
2021-07-18 21:14:06.095 INFO  o.a.c.c.C.[Tomcat].[localhost].[/mybatis] - Initializing Spring embedded WebApplicationContext
2021-07-18 21:14:06.095 INFO  o.s.b.w.s.c.ServletWebServerApplicationContext - Root WebApplicationContext: initialization completed in 1616 ms
2021-07-18 21:14:06.951 INFO  s.d.s.w.PropertySourcedRequestMappingHandlerMapping - Mapped URL path [/v2/api-docs] onto method [springfox.documentation.swagger2.web.Swagger2Controller#getDocumentation(String, HttpServletRequest)]
2021-07-18 21:14:07.196 INFO  org.apache.coyote.http11.Http11NioProtocol - Starting ProtocolHandler ["http-nio-8080"]
2021-07-18 21:14:07.211 INFO  o.s.boot.web.embedded.tomcat.TomcatWebServer - Tomcat started on port(s): 8080 (http) with context path '/mybatis'
2021-07-18 21:14:07.211 INFO  s.d.s.web.plugins.DocumentationPluginsBootstrapper - Context refreshed
2021-07-18 21:14:07.230 INFO  s.d.s.web.plugins.DocumentationPluginsBootstrapper - Found 1 custom documentation plugin(s)
2021-07-18 21:14:07.252 INFO  s.d.spring.web.scanners.ApiListingReferenceScanner - Scanning for api listing references
2021-07-18 21:14:07.333 INFO  com.mybatis.demo.DemoApplication - Started DemoApplication in 3.416 seconds (JVM running for 3.786)
2021-07-18 21:14:07.334 INFO  o.s.boot.availability.ApplicationAvailabilityBean - Application availability state LivenessState changed to CORRECT
2021-07-18 21:14:07.335 INFO  o.s.boot.availability.ApplicationAvailabilityBean - Application availability state ReadinessState changed to ACCEPTING_TRAFFIC
2021-07-18 21:14:37.083 INFO  o.a.c.c.C.[Tomcat].[localhost].[/mybatis] - Initializing Spring DispatcherServlet 'dispatcherServlet'
2021-07-18 21:14:37.083 INFO  org.springframework.web.servlet.DispatcherServlet - Initializing Servlet 'dispatcherServlet'
2021-07-18 21:14:37.084 INFO  org.springframework.web.servlet.DispatcherServlet - Completed initialization in 1 ms
2021-07-18 21:15:17.479 INFO  com.mybatis.demo.controller.ProdUserController - info级别的日志
2021-07-18 21:15:17.499 INFO  com.zaxxer.hikari.HikariDataSource - HikariPool-1 - Starting...
2021-07-18 21:17:42.488 INFO  com.mybatis.demo.DemoApplication - Starting DemoApplication using Java 1.8.0_261 on LAPTOP-RHG9F79K with PID 7652 (D:\github\spring-boot-demo\springboot-mybatis\target\classes started by Garyo in D:\github\spring-boot-demo)
2021-07-18 21:17:42.488 INFO  com.mybatis.demo.DemoApplication - The following profiles are active: dev
2021-07-18 21:17:43.143 INFO  o.s.d.r.config.RepositoryConfigurationDelegate - Multiple Spring Data modules found, entering strict repository configuration mode!
2021-07-18 21:17:43.148 INFO  o.s.d.r.config.RepositoryConfigurationDelegate - Bootstrapping Spring Data Redis repositories in DEFAULT mode.
2021-07-18 21:17:43.163 INFO  o.s.d.r.config.RepositoryConfigurationDelegate - Finished Spring Data repository scanning in 5 ms. Found 0 Redis repository interfaces.
2021-07-18 21:17:43.803 INFO  o.s.boot.web.embedded.tomcat.TomcatWebServer - Tomcat initialized with port(s): 8080 (http)
2021-07-18 21:17:43.813 INFO  org.apache.coyote.http11.Http11NioProtocol - Initializing ProtocolHandler ["http-nio-8080"]
2021-07-18 21:17:43.813 INFO  org.apache.catalina.core.StandardService - Starting service [Tomcat]
2021-07-18 21:17:43.813 INFO  org.apache.catalina.core.StandardEngine - Starting Servlet engine: [Apache Tomcat/9.0.46]
2021-07-18 21:17:43.928 INFO  o.a.c.c.C.[Tomcat].[localhost].[/mybatis] - Initializing Spring embedded WebApplicationContext
2021-07-18 21:17:43.928 INFO  o.s.b.w.s.c.ServletWebServerApplicationContext - Root WebApplicationContext: initialization completed in 1405 ms
2021-07-18 21:17:44.708 INFO  s.d.s.w.PropertySourcedRequestMappingHandlerMapping - Mapped URL path [/v2/api-docs] onto method [springfox.documentation.swagger2.web.Swagger2Controller#getDocumentation(String, HttpServletRequest)]
2021-07-18 21:17:44.983 INFO  org.apache.coyote.http11.Http11NioProtocol - Starting ProtocolHandler ["http-nio-8080"]
2021-07-18 21:17:44.999 INFO  o.s.boot.web.embedded.tomcat.TomcatWebServer - Tomcat started on port(s): 8080 (http) with context path '/mybatis'
2021-07-18 21:17:44.999 INFO  s.d.s.web.plugins.DocumentationPluginsBootstrapper - Context refreshed
2021-07-18 21:17:45.020 INFO  s.d.s.web.plugins.DocumentationPluginsBootstrapper - Found 1 custom documentation plugin(s)
2021-07-18 21:17:45.040 INFO  s.d.spring.web.scanners.ApiListingReferenceScanner - Scanning for api listing references
2021-07-18 21:17:45.120 INFO  com.mybatis.demo.DemoApplication - Started DemoApplication in 3.088 seconds (JVM running for 3.46)
2021-07-18 21:17:45.122 INFO  o.s.boot.availability.ApplicationAvailabilityBean - Application availability state LivenessState changed to CORRECT
2021-07-18 21:17:45.122 INFO  o.s.boot.availability.ApplicationAvailabilityBean - Application availability state ReadinessState changed to ACCEPTING_TRAFFIC
2021-07-18 21:17:49.794 INFO  o.a.c.c.C.[Tomcat].[localhost].[/mybatis] - Initializing Spring DispatcherServlet 'dispatcherServlet'
2021-07-18 21:17:49.794 INFO  org.springframework.web.servlet.DispatcherServlet - Initializing Servlet 'dispatcherServlet'
2021-07-18 21:17:49.795 INFO  org.springframework.web.servlet.DispatcherServlet - Completed initialization in 1 ms
2021-07-18 21:17:57.287 INFO  com.mybatis.demo.controller.ProdUserController - info级别的日志
2021-07-18 21:17:57.303 INFO  com.zaxxer.hikari.HikariDataSource - HikariPool-1 - Starting...
2021-07-18 21:22:22.998 INFO  com.mybatis.demo.DemoApplication - Starting DemoApplication using Java 1.8.0_261 on LAPTOP-RHG9F79K with PID 716 (D:\github\spring-boot-demo\springboot-mybatis\target\classes started by Garyo in D:\github\spring-boot-demo)
2021-07-18 21:22:22.998 INFO  com.mybatis.demo.DemoApplication - The following profiles are active: dev
2021-07-18 21:22:23.661 INFO  o.s.d.r.config.RepositoryConfigurationDelegate - Multiple Spring Data modules found, entering strict repository configuration mode!
2021-07-18 21:22:23.661 INFO  o.s.d.r.config.RepositoryConfigurationDelegate - Bootstrapping Spring Data Redis repositories in DEFAULT mode.
2021-07-18 21:22:23.678 INFO  o.s.d.r.config.RepositoryConfigurationDelegate - Finished Spring Data repository scanning in 5 ms. Found 0 Redis repository interfaces.
2021-07-18 21:22:24.333 INFO  o.s.boot.web.embedded.tomcat.TomcatWebServer - Tomcat initialized with port(s): 8080 (http)
2021-07-18 21:22:24.338 INFO  org.apache.coyote.http11.Http11NioProtocol - Initializing ProtocolHandler ["http-nio-8080"]
2021-07-18 21:22:24.343 INFO  org.apache.catalina.core.StandardService - Starting service [Tomcat]
2021-07-18 21:22:24.343 INFO  org.apache.catalina.core.StandardEngine - Starting Servlet engine: [Apache Tomcat/9.0.46]
2021-07-18 21:22:24.458 INFO  o.a.c.c.C.[Tomcat].[localhost].[/mybatis] - Initializing Spring embedded WebApplicationContext
2021-07-18 21:22:24.458 INFO  o.s.b.w.s.c.ServletWebServerApplicationContext - Root WebApplicationContext: initialization completed in 1425 ms
2021-07-18 21:22:25.157 INFO  s.d.s.w.PropertySourcedRequestMappingHandlerMapping - Mapped URL path [/v2/api-docs] onto method [springfox.documentation.swagger2.web.Swagger2Controller#getDocumentation(String, HttpServletRequest)]
2021-07-18 21:22:25.390 INFO  org.apache.coyote.http11.Http11NioProtocol - Starting ProtocolHandler ["http-nio-8080"]
2021-07-18 21:22:25.409 INFO  o.s.boot.web.embedded.tomcat.TomcatWebServer - Tomcat started on port(s): 8080 (http) with context path '/mybatis'
2021-07-18 21:22:25.409 INFO  s.d.s.web.plugins.DocumentationPluginsBootstrapper - Context refreshed
2021-07-18 21:22:25.421 INFO  s.d.s.web.plugins.DocumentationPluginsBootstrapper - Found 1 custom documentation plugin(s)
2021-07-18 21:22:25.441 INFO  s.d.spring.web.scanners.ApiListingReferenceScanner - Scanning for api listing references
2021-07-18 21:22:25.512 INFO  com.mybatis.demo.DemoApplication - Started DemoApplication in 2.974 seconds (JVM running for 3.353)
2021-07-18 21:22:25.512 INFO  o.s.boot.availability.ApplicationAvailabilityBean - Application availability state LivenessState changed to CORRECT
2021-07-18 21:22:25.518 INFO  o.s.boot.availability.ApplicationAvailabilityBean - Application availability state ReadinessState changed to ACCEPTING_TRAFFIC
2021-07-18 21:22:31.237 INFO  o.a.c.c.C.[Tomcat].[localhost].[/mybatis] - Initializing Spring DispatcherServlet 'dispatcherServlet'
2021-07-18 21:22:31.237 INFO  org.springframework.web.servlet.DispatcherServlet - Initializing Servlet 'dispatcherServlet'
2021-07-18 21:22:31.238 INFO  org.springframework.web.servlet.DispatcherServlet - Completed initialization in 1 ms
2021-07-18 21:22:38.956 INFO  com.mybatis.demo.controller.ProdUserController - info级别的日志
2021-07-18 21:22:38.977 INFO  com.zaxxer.hikari.HikariDataSource - HikariPool-1 - Starting...
2021-07-18 21:24:11.608 INFO  com.mybatis.demo.DemoApplication - Starting DemoApplication using Java 1.8.0_261 on LAPTOP-RHG9F79K with PID 8736 (D:\github\spring-boot-demo\springboot-mybatis\target\classes started by Garyo in D:\github\spring-boot-demo)
2021-07-18 21:24:11.618 INFO  com.mybatis.demo.DemoApplication - The following profiles are active: dev
2021-07-18 21:24:12.288 INFO  o.s.d.r.config.RepositoryConfigurationDelegate - Multiple Spring Data modules found, entering strict repository configuration mode!
2021-07-18 21:24:12.288 INFO  o.s.d.r.config.RepositoryConfigurationDelegate - Bootstrapping Spring Data Redis repositories in DEFAULT mode.
2021-07-18 21:24:12.308 INFO  o.s.d.r.config.RepositoryConfigurationDelegate - Finished Spring Data repository scanning in 5 ms. Found 0 Redis repository interfaces.
2021-07-18 21:24:12.990 INFO  o.s.boot.web.embedded.tomcat.TomcatWebServer - Tomcat initialized with port(s): 8080 (http)
2021-07-18 21:24:12.998 INFO  org.apache.coyote.http11.Http11NioProtocol - Initializing ProtocolHandler ["http-nio-8080"]
2021-07-18 21:24:13.001 INFO  org.apache.catalina.core.StandardService - Starting service [Tomcat]
2021-07-18 21:24:13.001 INFO  org.apache.catalina.core.StandardEngine - Starting Servlet engine: [Apache Tomcat/9.0.46]
2021-07-18 21:24:13.108 INFO  o.a.c.c.C.[Tomcat].[localhost].[/mybatis] - Initializing Spring embedded WebApplicationContext
2021-07-18 21:24:13.108 INFO  o.s.b.w.s.c.ServletWebServerApplicationContext - Root WebApplicationContext: initialization completed in 1455 ms
2021-07-18 21:24:13.831 INFO  s.d.s.w.PropertySourcedRequestMappingHandlerMapping - Mapped URL path [/v2/api-docs] onto method [springfox.documentation.swagger2.web.Swagger2Controller#getDocumentation(String, HttpServletRequest)]
2021-07-18 21:24:14.070 INFO  org.apache.coyote.http11.Http11NioProtocol - Starting ProtocolHandler ["http-nio-8080"]
2021-07-18 21:24:14.085 INFO  o.s.boot.web.embedded.tomcat.TomcatWebServer - Tomcat started on port(s): 8080 (http) with context path '/mybatis'
2021-07-18 21:24:14.086 INFO  s.d.s.web.plugins.DocumentationPluginsBootstrapper - Context refreshed
2021-07-18 21:24:14.102 INFO  s.d.s.web.plugins.DocumentationPluginsBootstrapper - Found 1 custom documentation plugin(s)
2021-07-18 21:24:14.124 INFO  s.d.spring.web.scanners.ApiListingReferenceScanner - Scanning for api listing references
2021-07-18 21:24:14.199 INFO  com.mybatis.demo.DemoApplication - Started DemoApplication in 3.038 seconds (JVM running for 3.418)
2021-07-18 21:24:14.200 INFO  o.s.boot.availability.ApplicationAvailabilityBean - Application availability state LivenessState changed to CORRECT
2021-07-18 21:24:14.202 INFO  o.s.boot.availability.ApplicationAvailabilityBean - Application availability state ReadinessState changed to ACCEPTING_TRAFFIC
2021-07-18 21:24:15.070 INFO  o.a.c.c.C.[Tomcat].[localhost].[/mybatis] - Initializing Spring DispatcherServlet 'dispatcherServlet'
2021-07-18 21:24:15.070 INFO  org.springframework.web.servlet.DispatcherServlet - Initializing Servlet 'dispatcherServlet'
2021-07-18 21:24:15.071 INFO  org.springframework.web.servlet.DispatcherServlet - Completed initialization in 1 ms
2021-07-18 21:24:21.053 INFO  com.mybatis.demo.controller.ProdUserController - info级别的日志
2021-07-18 21:24:21.069 INFO  com.zaxxer.hikari.HikariDataSource - HikariPool-1 - Starting...
2021-07-18 21:24:21.649 INFO  com.zaxxer.hikari.HikariDataSource - HikariPool-1 - Start completed.
