2021-07-25 00:00:37.115 INFO  com.mybatis.demo.DemoApplication - Starting DemoApplication using Java 1.8.0_261 on LAPTOP-RHG9F79K with PID 20076 (D:\github\spring-boot-demo\springboot-mybatis\target\classes started by Garyo in D:\github\spring-boot-demo)
2021-07-25 00:00:37.136 INFO  com.mybatis.demo.DemoApplication - The following profiles are active: dev
2021-07-25 00:00:37.855 INFO  o.s.d.r.config.RepositoryConfigurationDelegate - Multiple Spring Data modules found, entering strict repository configuration mode!
2021-07-25 00:00:37.855 INFO  o.s.d.r.config.RepositoryConfigurationDelegate - Bootstrapping Spring Data Redis repositories in DEFAULT mode.
2021-07-25 00:00:37.870 INFO  o.s.d.r.config.RepositoryConfigurationDelegate - Finished Spring Data repository scanning in 12 ms. Found 0 Redis repository interfaces.
2021-07-25 00:00:38.592 INFO  o.s.boot.web.embedded.tomcat.TomcatWebServer - Tomcat initialized with port(s): 8080 (http)
2021-07-25 00:00:38.633 INFO  org.apache.coyote.http11.Http11NioProtocol - Initializing ProtocolHandler ["http-nio-8080"]
2021-07-25 00:00:38.633 INFO  org.apache.catalina.core.StandardService - Starting service [Tomcat]
2021-07-25 00:00:38.633 INFO  org.apache.catalina.core.StandardEngine - Starting Servlet engine: [Apache Tomcat/9.0.46]
2021-07-25 00:00:38.703 INFO  o.a.c.c.ContainerBase.[Tomcat].[localhost].[/demo] - Initializing Spring embedded WebApplicationContext
2021-07-25 00:00:38.703 INFO  o.s.b.w.s.c.ServletWebServerApplicationContext - Root WebApplicationContext: initialization completed in 1527 ms
2021-07-25 00:00:39.782 INFO  s.d.s.w.PropertySourcedRequestMappingHandlerMapping - Mapped URL path [/v2/api-docs] onto method [springfox.documentation.swagger2.web.Swagger2Controller#getDocumentation(String, HttpServletRequest)]
2021-07-25 00:00:40.065 INFO  org.apache.coyote.http11.Http11NioProtocol - Starting ProtocolHandler ["http-nio-8080"]
2021-07-25 00:00:40.076 INFO  o.s.boot.web.embedded.tomcat.TomcatWebServer - Tomcat started on port(s): 8080 (http) with context path '/demo'
2021-07-25 00:00:40.076 INFO  s.d.s.web.plugins.DocumentationPluginsBootstrapper - Context refreshed
2021-07-25 00:00:40.096 INFO  s.d.s.web.plugins.DocumentationPluginsBootstrapper - Found 1 custom documentation plugin(s)
2021-07-25 00:00:40.117 INFO  s.d.spring.web.scanners.ApiListingReferenceScanner - Scanning for api listing references
2021-07-25 00:00:40.197 INFO  com.mybatis.demo.DemoApplication - Started DemoApplication in 3.555 seconds (JVM running for 4.39)
2021-07-25 00:00:40.197 INFO  o.s.boot.availability.ApplicationAvailabilityBean - Application availability state LivenessState changed to CORRECT
2021-07-25 00:00:40.197 INFO  o.s.boot.availability.ApplicationAvailabilityBean - Application availability state ReadinessState changed to ACCEPTING_TRAFFIC
2021-07-25 00:00:51.582 INFO  o.a.c.c.ContainerBase.[Tomcat].[localhost].[/demo] - Initializing Spring DispatcherServlet 'dispatcherServlet'
2021-07-25 00:00:51.582 INFO  org.springframework.web.servlet.DispatcherServlet - Initializing Servlet 'dispatcherServlet'
2021-07-25 00:00:51.583 INFO  org.springframework.web.servlet.DispatcherServlet - Completed initialization in 1 ms
2021-07-25 00:04:59.634 INFO  com.mybatis.demo.DemoApplication - Starting DemoApplication using Java 1.8.0_261 on LAPTOP-RHG9F79K with PID 6876 (D:\github\spring-boot-demo\springboot-mybatis\target\classes started by Garyo in D:\github\spring-boot-demo)
2021-07-25 00:04:59.634 INFO  com.mybatis.demo.DemoApplication - The following profiles are active: dev
2021-07-25 00:05:00.367 INFO  o.s.d.r.config.RepositoryConfigurationDelegate - Multiple Spring Data modules found, entering strict repository configuration mode!
2021-07-25 00:05:00.367 INFO  o.s.d.r.config.RepositoryConfigurationDelegate - Bootstrapping Spring Data Redis repositories in DEFAULT mode.
2021-07-25 00:05:00.383 INFO  o.s.d.r.config.RepositoryConfigurationDelegate - Finished Spring Data repository scanning in 6 ms. Found 0 Redis repository interfaces.
2021-07-25 00:05:01.115 INFO  o.s.boot.web.embedded.tomcat.TomcatWebServer - Tomcat initialized with port(s): 8080 (http)
2021-07-25 00:05:01.153 INFO  org.apache.coyote.http11.Http11NioProtocol - Initializing ProtocolHandler ["http-nio-8080"]
2021-07-25 00:05:01.153 INFO  org.apache.catalina.core.StandardService - Starting service [Tomcat]
2021-07-25 00:05:01.153 INFO  org.apache.catalina.core.StandardEngine - Starting Servlet engine: [Apache Tomcat/9.0.46]
2021-07-25 00:05:01.238 INFO  o.a.c.c.ContainerBase.[Tomcat].[localhost].[/demo] - Initializing Spring embedded WebApplicationContext
2021-07-25 00:05:01.238 INFO  o.s.b.w.s.c.ServletWebServerApplicationContext - Root WebApplicationContext: initialization completed in 1557 ms
2021-07-25 00:05:02.284 INFO  s.d.s.w.PropertySourcedRequestMappingHandlerMapping - Mapped URL path [/v2/api-docs] onto method [springfox.documentation.swagger2.web.Swagger2Controller#getDocumentation(String, HttpServletRequest)]
2021-07-25 00:05:02.565 INFO  org.apache.coyote.http11.Http11NioProtocol - Starting ProtocolHandler ["http-nio-8080"]
2021-07-25 00:05:02.575 INFO  o.s.boot.web.embedded.tomcat.TomcatWebServer - Tomcat started on port(s): 8080 (http) with context path '/demo'
2021-07-25 00:05:02.575 INFO  s.d.s.web.plugins.DocumentationPluginsBootstrapper - Context refreshed
2021-07-25 00:05:02.595 INFO  s.d.s.web.plugins.DocumentationPluginsBootstrapper - Found 1 custom documentation plugin(s)
2021-07-25 00:05:02.616 INFO  s.d.spring.web.scanners.ApiListingReferenceScanner - Scanning for api listing references
2021-07-25 00:05:02.696 INFO  com.mybatis.demo.DemoApplication - Started DemoApplication in 3.607 seconds (JVM running for 4.031)
2021-07-25 00:05:02.696 INFO  o.s.boot.availability.ApplicationAvailabilityBean - Application availability state LivenessState changed to CORRECT
2021-07-25 00:05:02.704 INFO  o.s.boot.availability.ApplicationAvailabilityBean - Application availability state ReadinessState changed to ACCEPTING_TRAFFIC
2021-07-25 00:05:12.434 INFO  o.a.c.c.ContainerBase.[Tomcat].[localhost].[/demo] - Initializing Spring DispatcherServlet 'dispatcherServlet'
2021-07-25 00:05:12.434 INFO  org.springframework.web.servlet.DispatcherServlet - Initializing Servlet 'dispatcherServlet'
2021-07-25 00:05:12.435 INFO  org.springframework.web.servlet.DispatcherServlet - Completed initialization in 1 ms
2021-07-25 00:07:49.090 INFO  com.mybatis.demo.DemoApplication - Starting DemoApplication using Java 1.8.0_261 on LAPTOP-RHG9F79K with PID 6920 (D:\github\spring-boot-demo\springboot-mybatis\target\classes started by Garyo in D:\github\spring-boot-demo)
2021-07-25 00:07:49.090 INFO  com.mybatis.demo.DemoApplication - The following profiles are active: dev
2021-07-25 00:07:49.835 INFO  o.s.d.r.config.RepositoryConfigurationDelegate - Multiple Spring Data modules found, entering strict repository configuration mode!
2021-07-25 00:07:49.843 INFO  o.s.d.r.config.RepositoryConfigurationDelegate - Bootstrapping Spring Data Redis repositories in DEFAULT mode.
2021-07-25 00:07:49.855 INFO  o.s.d.r.config.RepositoryConfigurationDelegate - Finished Spring Data repository scanning in 7 ms. Found 0 Redis repository interfaces.
2021-07-25 00:07:50.592 INFO  o.s.boot.web.embedded.tomcat.TomcatWebServer - Tomcat initialized with port(s): 8080 (http)
2021-07-25 00:07:50.602 INFO  org.apache.coyote.http11.Http11NioProtocol - Initializing ProtocolHandler ["http-nio-8080"]
2021-07-25 00:07:50.602 INFO  org.apache.catalina.core.StandardService - Starting service [Tomcat]
2021-07-25 00:07:50.602 INFO  org.apache.catalina.core.StandardEngine - Starting Servlet engine: [Apache Tomcat/9.0.46]
2021-07-25 00:07:50.708 INFO  o.a.c.core.ContainerBase.[Tomcat].[localhost].[/] - Initializing Spring embedded WebApplicationContext
2021-07-25 00:07:50.708 INFO  o.s.b.w.s.c.ServletWebServerApplicationContext - Root WebApplicationContext: initialization completed in 1560 ms
2021-07-25 00:07:51.769 INFO  s.d.s.w.PropertySourcedRequestMappingHandlerMapping - Mapped URL path [/v2/api-docs] onto method [springfox.documentation.swagger2.web.Swagger2Controller#getDocumentation(String, HttpServletRequest)]
2021-07-25 00:07:52.041 INFO  org.apache.coyote.http11.Http11NioProtocol - Starting ProtocolHandler ["http-nio-8080"]
2021-07-25 00:07:52.051 INFO  o.s.boot.web.embedded.tomcat.TomcatWebServer - Tomcat started on port(s): 8080 (http) with context path ''
2021-07-25 00:07:52.051 INFO  s.d.s.web.plugins.DocumentationPluginsBootstrapper - Context refreshed
2021-07-25 00:07:52.072 INFO  s.d.s.web.plugins.DocumentationPluginsBootstrapper - Found 1 custom documentation plugin(s)
2021-07-25 00:07:52.092 INFO  s.d.spring.web.scanners.ApiListingReferenceScanner - Scanning for api listing references
2021-07-25 00:07:52.172 INFO  com.mybatis.demo.DemoApplication - Started DemoApplication in 3.621 seconds (JVM running for 4.084)
2021-07-25 00:07:52.172 INFO  o.s.boot.availability.ApplicationAvailabilityBean - Application availability state LivenessState changed to CORRECT
2021-07-25 00:07:52.172 INFO  o.s.boot.availability.ApplicationAvailabilityBean - Application availability state ReadinessState changed to ACCEPTING_TRAFFIC
2021-07-25 00:08:01.088 INFO  o.a.c.core.ContainerBase.[Tomcat].[localhost].[/] - Initializing Spring DispatcherServlet 'dispatcherServlet'
2021-07-25 00:08:01.088 INFO  org.springframework.web.servlet.DispatcherServlet - Initializing Servlet 'dispatcherServlet'
2021-07-25 00:08:01.089 INFO  org.springframework.web.servlet.DispatcherServlet - Completed initialization in 1 ms
2021-07-25 00:18:38.335 INFO  com.mybatis.demo.DemoApplication - Starting DemoApplication using Java 1.8.0_261 on LAPTOP-RHG9F79K with PID 17288 (D:\github\spring-boot-demo\springboot-mybatis\target\classes started by Garyo in D:\github\spring-boot-demo)
2021-07-25 00:18:38.340 INFO  com.mybatis.demo.DemoApplication - The following profiles are active: dev
2021-07-25 00:18:39.044 INFO  o.s.d.r.config.RepositoryConfigurationDelegate - Multiple Spring Data modules found, entering strict repository configuration mode!
2021-07-25 00:18:39.044 INFO  o.s.d.r.config.RepositoryConfigurationDelegate - Bootstrapping Spring Data Redis repositories in DEFAULT mode.
2021-07-25 00:18:39.064 INFO  o.s.d.r.config.RepositoryConfigurationDelegate - Finished Spring Data repository scanning in 7 ms. Found 0 Redis repository interfaces.
2021-07-25 00:18:39.807 INFO  o.s.boot.web.embedded.tomcat.TomcatWebServer - Tomcat initialized with port(s): 8080 (http)
2021-07-25 00:18:39.817 INFO  org.apache.coyote.http11.Http11NioProtocol - Initializing ProtocolHandler ["http-nio-8080"]
2021-07-25 00:18:39.817 INFO  org.apache.catalina.core.StandardService - Starting service [Tomcat]
2021-07-25 00:18:39.817 INFO  org.apache.catalina.core.StandardEngine - Starting Servlet engine: [Apache Tomcat/9.0.46]
2021-07-25 00:18:39.921 INFO  o.a.c.core.ContainerBase.[Tomcat].[localhost].[/] - Initializing Spring embedded WebApplicationContext
2021-07-25 00:18:39.921 INFO  o.s.b.w.s.c.ServletWebServerApplicationContext - Root WebApplicationContext: initialization completed in 1549 ms
2021-07-25 00:18:40.966 INFO  s.d.s.w.PropertySourcedRequestMappingHandlerMapping - Mapped URL path [/v2/api-docs] onto method [springfox.documentation.swagger2.web.Swagger2Controller#getDocumentation(String, HttpServletRequest)]
2021-07-25 00:18:41.238 INFO  org.apache.coyote.http11.Http11NioProtocol - Starting ProtocolHandler ["http-nio-8080"]
2021-07-25 00:18:41.248 INFO  o.s.boot.web.embedded.tomcat.TomcatWebServer - Tomcat started on port(s): 8080 (http) with context path ''
2021-07-25 00:18:41.248 INFO  s.d.s.web.plugins.DocumentationPluginsBootstrapper - Context refreshed
2021-07-25 00:18:41.268 INFO  s.d.s.web.plugins.DocumentationPluginsBootstrapper - Found 1 custom documentation plugin(s)
2021-07-25 00:18:41.297 INFO  s.d.spring.web.scanners.ApiListingReferenceScanner - Scanning for api listing references
2021-07-25 00:18:41.380 INFO  com.mybatis.demo.DemoApplication - Started DemoApplication in 3.596 seconds (JVM running for 4.062)
2021-07-25 00:18:41.380 INFO  o.s.boot.availability.ApplicationAvailabilityBean - Application availability state LivenessState changed to CORRECT
2021-07-25 00:18:41.380 INFO  o.s.boot.availability.ApplicationAvailabilityBean - Application availability state ReadinessState changed to ACCEPTING_TRAFFIC
2021-07-25 00:18:41.590 INFO  com.mybatis.demo.netty.WebSocketNettyServer - netty server start success on port:8081
2021-07-25 00:18:48.689 INFO  o.a.c.core.ContainerBase.[Tomcat].[localhost].[/] - Initializing Spring DispatcherServlet 'dispatcherServlet'
2021-07-25 00:18:48.690 INFO  org.springframework.web.servlet.DispatcherServlet - Initializing Servlet 'dispatcherServlet'
2021-07-25 00:18:48.691 INFO  org.springframework.web.servlet.DispatcherServlet - Completed initialization in 1 ms
2021-07-25 00:20:21.981 INFO  com.mybatis.demo.DemoApplication - Starting DemoApplication using Java 1.8.0_261 on LAPTOP-RHG9F79K with PID 20732 (D:\github\spring-boot-demo\springboot-mybatis\target\classes started by Garyo in D:\github\spring-boot-demo)
2021-07-25 00:20:21.981 INFO  com.mybatis.demo.DemoApplication - The following profiles are active: dev
2021-07-25 00:20:22.683 INFO  o.s.d.r.config.RepositoryConfigurationDelegate - Multiple Spring Data modules found, entering strict repository configuration mode!
2021-07-25 00:20:22.683 INFO  o.s.d.r.config.RepositoryConfigurationDelegate - Bootstrapping Spring Data Redis repositories in DEFAULT mode.
2021-07-25 00:20:22.699 INFO  o.s.d.r.config.RepositoryConfigurationDelegate - Finished Spring Data repository scanning in 7 ms. Found 0 Redis repository interfaces.
2021-07-25 00:20:23.441 INFO  o.s.boot.web.embedded.tomcat.TomcatWebServer - Tomcat initialized with port(s): 8080 (http)
2021-07-25 00:20:23.441 INFO  org.apache.coyote.http11.Http11NioProtocol - Initializing ProtocolHandler ["http-nio-8080"]
2021-07-25 00:20:23.441 INFO  org.apache.catalina.core.StandardService - Starting service [Tomcat]
2021-07-25 00:20:23.441 INFO  org.apache.catalina.core.StandardEngine - Starting Servlet engine: [Apache Tomcat/9.0.46]
2021-07-25 00:20:23.561 INFO  o.a.c.core.ContainerBase.[Tomcat].[localhost].[/] - Initializing Spring embedded WebApplicationContext
2021-07-25 00:20:23.561 INFO  o.s.b.w.s.c.ServletWebServerApplicationContext - Root WebApplicationContext: initialization completed in 1533 ms
2021-07-25 00:20:24.630 INFO  s.d.s.w.PropertySourcedRequestMappingHandlerMapping - Mapped URL path [/v2/api-docs] onto method [springfox.documentation.swagger2.web.Swagger2Controller#getDocumentation(String, HttpServletRequest)]
2021-07-25 00:20:24.914 INFO  org.apache.coyote.http11.Http11NioProtocol - Starting ProtocolHandler ["http-nio-8080"]
2021-07-25 00:20:24.924 INFO  o.s.boot.web.embedded.tomcat.TomcatWebServer - Tomcat started on port(s): 8080 (http) with context path ''
2021-07-25 00:20:24.924 INFO  s.d.s.web.plugins.DocumentationPluginsBootstrapper - Context refreshed
2021-07-25 00:20:24.944 INFO  s.d.s.web.plugins.DocumentationPluginsBootstrapper - Found 1 custom documentation plugin(s)
2021-07-25 00:20:24.972 INFO  s.d.spring.web.scanners.ApiListingReferenceScanner - Scanning for api listing references
2021-07-25 00:20:25.053 INFO  com.mybatis.demo.DemoApplication - Started DemoApplication in 3.6 seconds (JVM running for 4.087)
2021-07-25 00:20:25.055 INFO  o.s.boot.availability.ApplicationAvailabilityBean - Application availability state LivenessState changed to CORRECT
2021-07-25 00:20:25.055 INFO  o.s.boot.availability.ApplicationAvailabilityBean - Application availability state ReadinessState changed to ACCEPTING_TRAFFIC
2021-07-25 00:20:25.264 INFO  com.mybatis.demo.netty.WebSocketNettyServer - netty server start success on port:8081
2021-07-25 00:20:38.728 INFO  o.a.c.core.ContainerBase.[Tomcat].[localhost].[/] - Initializing Spring DispatcherServlet 'dispatcherServlet'
2021-07-25 00:20:38.728 INFO  org.springframework.web.servlet.DispatcherServlet - Initializing Servlet 'dispatcherServlet'
2021-07-25 00:20:38.729 INFO  org.springframework.web.servlet.DispatcherServlet - Completed initialization in 1 ms
2021-07-25 00:24:19.202 INFO  com.mybatis.demo.DemoApplication - Starting DemoApplication using Java 1.8.0_261 on LAPTOP-RHG9F79K with PID 13384 (D:\github\spring-boot-demo\springboot-mybatis\target\classes started by Garyo in D:\github\spring-boot-demo)
2021-07-25 00:24:19.202 INFO  com.mybatis.demo.DemoApplication - The following profiles are active: dev
2021-07-25 00:24:19.926 INFO  o.s.d.r.config.RepositoryConfigurationDelegate - Multiple Spring Data modules found, entering strict repository configuration mode!
2021-07-25 00:24:19.926 INFO  o.s.d.r.config.RepositoryConfigurationDelegate - Bootstrapping Spring Data Redis repositories in DEFAULT mode.
2021-07-25 00:24:19.942 INFO  o.s.d.r.config.RepositoryConfigurationDelegate - Finished Spring Data repository scanning in 7 ms. Found 0 Redis repository interfaces.
2021-07-25 00:24:20.663 INFO  o.s.boot.web.embedded.tomcat.TomcatWebServer - Tomcat initialized with port(s): 8080 (http)
2021-07-25 00:24:20.672 INFO  org.apache.coyote.http11.Http11NioProtocol - Initializing ProtocolHandler ["http-nio-8080"]
2021-07-25 00:24:20.674 INFO  org.apache.catalina.core.StandardService - Starting service [Tomcat]
2021-07-25 00:24:20.674 INFO  org.apache.catalina.core.StandardEngine - Starting Servlet engine: [Apache Tomcat/9.0.46]
2021-07-25 00:24:20.775 INFO  o.a.c.core.ContainerBase.[Tomcat].[localhost].[/] - Initializing Spring embedded WebApplicationContext
2021-07-25 00:24:20.775 INFO  o.s.b.w.s.c.ServletWebServerApplicationContext - Root WebApplicationContext: initialization completed in 1535 ms
2021-07-25 00:24:21.801 INFO  s.d.s.w.PropertySourcedRequestMappingHandlerMapping - Mapped URL path [/v2/api-docs] onto method [springfox.documentation.swagger2.web.Swagger2Controller#getDocumentation(String, HttpServletRequest)]
2021-07-25 00:24:22.092 INFO  org.apache.coyote.http11.Http11NioProtocol - Starting ProtocolHandler ["http-nio-8080"]
2021-07-25 00:24:22.103 INFO  o.s.boot.web.embedded.tomcat.TomcatWebServer - Tomcat started on port(s): 8080 (http) with context path ''
2021-07-25 00:24:22.104 INFO  s.d.s.web.plugins.DocumentationPluginsBootstrapper - Context refreshed
2021-07-25 00:24:22.123 INFO  s.d.s.web.plugins.DocumentationPluginsBootstrapper - Found 1 custom documentation plugin(s)
2021-07-25 00:24:22.147 INFO  s.d.spring.web.scanners.ApiListingReferenceScanner - Scanning for api listing references
2021-07-25 00:24:22.227 INFO  com.mybatis.demo.DemoApplication - Started DemoApplication in 3.553 seconds (JVM running for 4.033)
2021-07-25 00:24:22.229 INFO  o.s.boot.availability.ApplicationAvailabilityBean - Application availability state LivenessState changed to CORRECT
2021-07-25 00:24:22.231 INFO  o.s.boot.availability.ApplicationAvailabilityBean - Application availability state ReadinessState changed to ACCEPTING_TRAFFIC
2021-07-25 00:24:22.466 INFO  com.mybatis.demo.netty.WebSocketNettyServer - netty server start success on port:8081
2021-07-25 00:27:38.524 INFO  com.mybatis.demo.DemoApplication - Starting DemoApplication using Java 1.8.0_261 on LAPTOP-RHG9F79K with PID 21304 (D:\github\spring-boot-demo\springboot-mybatis\target\classes started by Garyo in D:\github\spring-boot-demo)
2021-07-25 00:27:38.524 INFO  com.mybatis.demo.DemoApplication - The following profiles are active: dev
2021-07-25 00:27:39.224 INFO  o.s.d.r.config.RepositoryConfigurationDelegate - Multiple Spring Data modules found, entering strict repository configuration mode!
2021-07-25 00:27:39.232 INFO  o.s.d.r.config.RepositoryConfigurationDelegate - Bootstrapping Spring Data Redis repositories in DEFAULT mode.
2021-07-25 00:27:39.244 INFO  o.s.d.r.config.RepositoryConfigurationDelegate - Finished Spring Data repository scanning in 7 ms. Found 0 Redis repository interfaces.
2021-07-25 00:27:39.970 INFO  o.s.boot.web.embedded.tomcat.TomcatWebServer - Tomcat initialized with port(s): 8080 (http)
2021-07-25 00:27:39.980 INFO  org.apache.coyote.http11.Http11NioProtocol - Initializing ProtocolHandler ["http-nio-8080"]
2021-07-25 00:27:39.980 INFO  org.apache.catalina.core.StandardService - Starting service [Tomcat]
2021-07-25 00:27:39.980 INFO  org.apache.catalina.core.StandardEngine - Starting Servlet engine: [Apache Tomcat/9.0.46]
2021-07-25 00:27:40.085 INFO  o.a.c.core.ContainerBase.[Tomcat].[localhost].[/] - Initializing Spring embedded WebApplicationContext
2021-07-25 00:27:40.085 INFO  o.s.b.w.s.c.ServletWebServerApplicationContext - Root WebApplicationContext: initialization completed in 1514 ms
2021-07-25 00:27:40.768 INFO  org.apache.catalina.core.StandardService - Stopping service [Tomcat]
2021-07-25 00:27:40.776 INFO  o.s.b.a.l.ConditionEvaluationReportLoggingListener - 

Error starting ApplicationContext. To display the conditions report re-run your application with 'debug' enabled.
2021-07-25 00:34:25.625 INFO  com.mybatis.demo.DemoApplication - Starting DemoApplication using Java 1.8.0_261 on LAPTOP-RHG9F79K with PID 6476 (D:\github\spring-boot-demo\springboot-mybatis\target\classes started by Garyo in D:\github\spring-boot-demo)
2021-07-25 00:34:25.625 INFO  com.mybatis.demo.DemoApplication - The following profiles are active: dev
2021-07-25 00:34:26.355 INFO  o.s.d.r.config.RepositoryConfigurationDelegate - Multiple Spring Data modules found, entering strict repository configuration mode!
2021-07-25 00:34:26.358 INFO  o.s.d.r.config.RepositoryConfigurationDelegate - Bootstrapping Spring Data Redis repositories in DEFAULT mode.
2021-07-25 00:34:26.377 INFO  o.s.d.r.config.RepositoryConfigurationDelegate - Finished Spring Data repository scanning in 7 ms. Found 0 Redis repository interfaces.
2021-07-25 00:34:27.102 INFO  o.s.boot.web.embedded.tomcat.TomcatWebServer - Tomcat initialized with port(s): 8080 (http)
2021-07-25 00:34:27.146 INFO  org.apache.coyote.http11.Http11NioProtocol - Initializing ProtocolHandler ["http-nio-8080"]
2021-07-25 00:34:27.146 INFO  org.apache.catalina.core.StandardService - Starting service [Tomcat]
2021-07-25 00:34:27.146 INFO  org.apache.catalina.core.StandardEngine - Starting Servlet engine: [Apache Tomcat/9.0.46]
2021-07-25 00:34:27.221 INFO  o.a.c.core.ContainerBase.[Tomcat].[localhost].[/] - Initializing Spring embedded WebApplicationContext
2021-07-25 00:34:27.221 INFO  o.s.b.w.s.c.ServletWebServerApplicationContext - Root WebApplicationContext: initialization completed in 1558 ms
2021-07-25 00:34:27.909 INFO  org.apache.catalina.core.StandardService - Stopping service [Tomcat]
2021-07-25 00:34:27.917 INFO  o.s.b.a.l.ConditionEvaluationReportLoggingListener - 

Error starting ApplicationContext. To display the conditions report re-run your application with 'debug' enabled.
2021-07-25 00:35:05.180 INFO  com.mybatis.demo.DemoApplication - Starting DemoApplication using Java 1.8.0_261 on LAPTOP-RHG9F79K with PID 21396 (D:\github\spring-boot-demo\springboot-mybatis\target\classes started by Garyo in D:\github\spring-boot-demo)
2021-07-25 00:35:05.183 INFO  com.mybatis.demo.DemoApplication - The following profiles are active: dev
2021-07-25 00:35:05.894 INFO  o.s.d.r.config.RepositoryConfigurationDelegate - Multiple Spring Data modules found, entering strict repository configuration mode!
2021-07-25 00:35:05.894 INFO  o.s.d.r.config.RepositoryConfigurationDelegate - Bootstrapping Spring Data Redis repositories in DEFAULT mode.
2021-07-25 00:35:05.909 INFO  o.s.d.r.config.RepositoryConfigurationDelegate - Finished Spring Data repository scanning in 6 ms. Found 0 Redis repository interfaces.
2021-07-25 00:35:06.661 INFO  o.s.boot.web.embedded.tomcat.TomcatWebServer - Tomcat initialized with port(s): 8080 (http)
2021-07-25 00:35:06.671 INFO  org.apache.coyote.http11.Http11NioProtocol - Initializing ProtocolHandler ["http-nio-8080"]
2021-07-25 00:35:06.671 INFO  org.apache.catalina.core.StandardService - Starting service [Tomcat]
2021-07-25 00:35:06.671 INFO  org.apache.catalina.core.StandardEngine - Starting Servlet engine: [Apache Tomcat/9.0.46]
2021-07-25 00:35:06.785 INFO  o.a.c.core.ContainerBase.[Tomcat].[localhost].[/] - Initializing Spring embedded WebApplicationContext
2021-07-25 00:35:06.785 INFO  o.s.b.w.s.c.ServletWebServerApplicationContext - Root WebApplicationContext: initialization completed in 1562 ms
2021-07-25 00:35:07.843 INFO  s.d.s.w.PropertySourcedRequestMappingHandlerMapping - Mapped URL path [/v2/api-docs] onto method [springfox.documentation.swagger2.web.Swagger2Controller#getDocumentation(String, HttpServletRequest)]
2021-07-25 00:35:08.117 INFO  org.apache.coyote.http11.Http11NioProtocol - Starting ProtocolHandler ["http-nio-8080"]
2021-07-25 00:35:08.135 INFO  o.s.boot.web.embedded.tomcat.TomcatWebServer - Tomcat started on port(s): 8080 (http) with context path ''
2021-07-25 00:35:08.135 INFO  s.d.s.web.plugins.DocumentationPluginsBootstrapper - Context refreshed
2021-07-25 00:35:08.147 INFO  s.d.s.web.plugins.DocumentationPluginsBootstrapper - Found 1 custom documentation plugin(s)
2021-07-25 00:35:08.177 INFO  s.d.spring.web.scanners.ApiListingReferenceScanner - Scanning for api listing references
2021-07-25 00:35:08.268 INFO  com.mybatis.demo.DemoApplication - Started DemoApplication in 3.621 seconds (JVM running for 4.046)
2021-07-25 00:35:08.268 INFO  o.s.boot.availability.ApplicationAvailabilityBean - Application availability state LivenessState changed to CORRECT
2021-07-25 00:35:08.276 INFO  o.s.boot.availability.ApplicationAvailabilityBean - Application availability state ReadinessState changed to ACCEPTING_TRAFFIC
2021-07-25 00:35:08.502 INFO  com.mybatis.demo.netty.WebSocketNettyServer - netty server start success on port:8081
2021-07-25 00:35:19.389 INFO  o.a.c.core.ContainerBase.[Tomcat].[localhost].[/] - Initializing Spring DispatcherServlet 'dispatcherServlet'
2021-07-25 00:35:19.389 INFO  org.springframework.web.servlet.DispatcherServlet - Initializing Servlet 'dispatcherServlet'
2021-07-25 00:35:19.390 INFO  org.springframework.web.servlet.DispatcherServlet - Completed initialization in 1 ms
2021-07-25 12:51:31.269 INFO  com.mybatis.demo.DemoApplication - Starting DemoApplication using Java 1.8.0_261 on LAPTOP-RHG9F79K with PID 23028 (D:\github\spring-boot-demo\springboot-mybatis\target\classes started by Garyo in D:\github\spring-boot-demo)
2021-07-25 12:51:31.271 INFO  com.mybatis.demo.DemoApplication - The following profiles are active: dev
2021-07-25 12:51:32.078 INFO  o.s.d.r.config.RepositoryConfigurationDelegate - Multiple Spring Data modules found, entering strict repository configuration mode!
2021-07-25 12:51:32.081 INFO  o.s.d.r.config.RepositoryConfigurationDelegate - Bootstrapping Spring Data Redis repositories in DEFAULT mode.
2021-07-25 12:51:32.104 INFO  o.s.d.r.config.RepositoryConfigurationDelegate - Finished Spring Data repository scanning in 9 ms. Found 0 Redis repository interfaces.
2021-07-25 12:51:32.870 INFO  o.s.boot.web.embedded.tomcat.TomcatWebServer - Tomcat initialized with port(s): 8080 (http)
2021-07-25 12:51:32.880 INFO  org.apache.coyote.http11.Http11NioProtocol - Initializing ProtocolHandler ["http-nio-8080"]
2021-07-25 12:51:32.880 INFO  org.apache.catalina.core.StandardService - Starting service [Tomcat]
2021-07-25 12:51:32.880 INFO  org.apache.catalina.core.StandardEngine - Starting Servlet engine: [Apache Tomcat/9.0.46]
2021-07-25 12:51:33.007 INFO  o.a.c.core.ContainerBase.[Tomcat].[localhost].[/] - Initializing Spring embedded WebApplicationContext
2021-07-25 12:51:33.007 INFO  o.s.b.w.s.c.ServletWebServerApplicationContext - Root WebApplicationContext: initialization completed in 1684 ms
2021-07-25 12:51:34.081 INFO  s.d.s.w.PropertySourcedRequestMappingHandlerMapping - Mapped URL path [/v2/api-docs] onto method [springfox.documentation.swagger2.web.Swagger2Controller#getDocumentation(String, HttpServletRequest)]
2021-07-25 12:51:34.351 INFO  org.apache.coyote.http11.Http11NioProtocol - Starting ProtocolHandler ["http-nio-8080"]
2021-07-25 12:51:34.362 INFO  o.s.boot.web.embedded.tomcat.TomcatWebServer - Tomcat started on port(s): 8080 (http) with context path ''
2021-07-25 12:51:34.363 INFO  s.d.s.web.plugins.DocumentationPluginsBootstrapper - Context refreshed
2021-07-25 12:51:34.383 INFO  s.d.s.web.plugins.DocumentationPluginsBootstrapper - Found 1 custom documentation plugin(s)
2021-07-25 12:51:34.406 INFO  s.d.spring.web.scanners.ApiListingReferenceScanner - Scanning for api listing references
2021-07-25 12:51:34.487 INFO  com.mybatis.demo.DemoApplication - Started DemoApplication in 3.715 seconds (JVM running for 4.194)
2021-07-25 12:51:34.488 INFO  o.s.boot.availability.ApplicationAvailabilityBean - Application availability state LivenessState changed to CORRECT
2021-07-25 12:51:34.490 INFO  o.s.boot.availability.ApplicationAvailabilityBean - Application availability state ReadinessState changed to ACCEPTING_TRAFFIC
2021-07-25 12:51:34.711 INFO  com.mybatis.demo.netty.WebSocketNettyServer - netty server start success on port:8081
2021-07-25 12:51:50.137 INFO  o.a.c.core.ContainerBase.[Tomcat].[localhost].[/] - Initializing Spring DispatcherServlet 'dispatcherServlet'
2021-07-25 12:51:50.138 INFO  org.springframework.web.servlet.DispatcherServlet - Initializing Servlet 'dispatcherServlet'
2021-07-25 12:51:50.138 INFO  org.springframework.web.servlet.DispatcherServlet - Completed initialization in 0 ms
2021-07-25 12:56:17.348 INFO  com.mybatis.demo.controller.ProdUserController - info级别的日志
2021-07-25 12:56:17.368 INFO  com.zaxxer.hikari.HikariDataSource - HikariPool-1 - Starting...
2021-07-25 12:56:18.015 INFO  com.zaxxer.hikari.HikariDataSource - HikariPool-1 - Start completed.
2021-07-25 14:06:16.518 INFO  com.mybatis.demo.DemoApplication - Starting DemoApplication using Java 1.8.0_261 on LAPTOP-RHG9F79K with PID 4132 (D:\github\spring-boot-demo\springboot-mybatis\target\classes started by Garyo in D:\github\spring-boot-demo)
2021-07-25 14:06:16.521 INFO  com.mybatis.demo.DemoApplication - The following profiles are active: dev
2021-07-25 14:06:17.265 INFO  o.s.d.r.config.RepositoryConfigurationDelegate - Multiple Spring Data modules found, entering strict repository configuration mode!
2021-07-25 14:06:17.268 INFO  o.s.d.r.config.RepositoryConfigurationDelegate - Bootstrapping Spring Data Redis repositories in DEFAULT mode.
2021-07-25 14:06:17.286 INFO  o.s.d.r.config.RepositoryConfigurationDelegate - Finished Spring Data repository scanning in 7 ms. Found 0 Redis repository interfaces.
2021-07-25 14:06:18.025 INFO  o.s.boot.web.embedded.tomcat.TomcatWebServer - Tomcat initialized with port(s): 8080 (http)
2021-07-25 14:06:18.035 INFO  org.apache.coyote.http11.Http11NioProtocol - Initializing ProtocolHandler ["http-nio-8080"]
2021-07-25 14:06:18.035 INFO  org.apache.catalina.core.StandardService - Starting service [Tomcat]
2021-07-25 14:06:18.035 INFO  org.apache.catalina.core.StandardEngine - Starting Servlet engine: [Apache Tomcat/9.0.46]
2021-07-25 14:06:18.157 INFO  o.a.c.core.ContainerBase.[Tomcat].[localhost].[/] - Initializing Spring embedded WebApplicationContext
2021-07-25 14:06:18.157 INFO  o.s.b.w.s.c.ServletWebServerApplicationContext - Root WebApplicationContext: initialization completed in 1595 ms
2021-07-25 14:06:19.211 INFO  s.d.s.w.PropertySourcedRequestMappingHandlerMapping - Mapped URL path [/v2/api-docs] onto method [springfox.documentation.swagger2.web.Swagger2Controller#getDocumentation(String, HttpServletRequest)]
2021-07-25 14:06:19.497 INFO  org.apache.coyote.http11.Http11NioProtocol - Starting ProtocolHandler ["http-nio-8080"]
2021-07-25 14:06:19.507 INFO  o.s.boot.web.embedded.tomcat.TomcatWebServer - Tomcat started on port(s): 8080 (http) with context path ''
2021-07-25 14:06:19.508 INFO  s.d.s.web.plugins.DocumentationPluginsBootstrapper - Context refreshed
2021-07-25 14:06:19.527 INFO  s.d.s.web.plugins.DocumentationPluginsBootstrapper - Found 1 custom documentation plugin(s)
2021-07-25 14:06:19.550 INFO  s.d.spring.web.scanners.ApiListingReferenceScanner - Scanning for api listing references
2021-07-25 14:06:19.645 INFO  com.mybatis.demo.DemoApplication - Started DemoApplication in 3.679 seconds (JVM running for 4.138)
2021-07-25 14:06:19.646 INFO  o.s.boot.availability.ApplicationAvailabilityBean - Application availability state LivenessState changed to CORRECT
2021-07-25 14:06:19.648 INFO  o.s.boot.availability.ApplicationAvailabilityBean - Application availability state ReadinessState changed to ACCEPTING_TRAFFIC
2021-07-25 14:06:19.853 INFO  com.mybatis.demo.netty.WebSocketNettyServer - netty server start success on port:8081
2021-07-25 14:06:24.742 INFO  o.a.c.core.ContainerBase.[Tomcat].[localhost].[/] - Initializing Spring DispatcherServlet 'dispatcherServlet'
2021-07-25 14:06:24.742 INFO  org.springframework.web.servlet.DispatcherServlet - Initializing Servlet 'dispatcherServlet'
2021-07-25 14:06:24.743 INFO  org.springframework.web.servlet.DispatcherServlet - Completed initialization in 1 ms
2021-07-25 14:07:10.013 INFO  com.mybatis.demo.netty.WebSocketNettyHandler - 有新的链接，当前链接数：1
2021-07-25 14:07:10.050 INFO  com.mybatis.demo.netty.WebSocketNettyHandler - 前端发来的消息：{"send":"123","receive":"","info":"老子来啦!","type":1,"id":5561}
2021-07-25 14:07:14.817 INFO  com.mybatis.demo.netty.WebSocketNettyHandler - 前端发来的消息：{"send":"123","receive":"","info":"nihao","type":2,"id":7727}
2021-07-25 14:07:36.716 INFO  com.mybatis.demo.netty.WebSocketNettyHandler - 有新的链接，当前链接数：2
2021-07-25 14:07:36.718 INFO  com.mybatis.demo.netty.WebSocketNettyHandler - 前端发来的消息：{"send":"456","receive":"","info":"老子来啦!","type":1,"id":7251}
2021-07-25 14:07:49.134 INFO  com.mybatis.demo.netty.WebSocketNettyHandler - 有新的链接，当前链接数：2
2021-07-25 14:07:49.137 INFO  com.mybatis.demo.netty.WebSocketNettyHandler - 前端发来的消息：{"send":"456","receive":"","info":"老子来啦!","type":1,"id":6399}
2021-07-25 14:07:59.483 INFO  com.mybatis.demo.netty.WebSocketNettyHandler - 前端发来的消息：{"send":"456","receive":"","info":"沙雕","type":2,"id":8335}
2021-07-25 14:08:05.520 INFO  com.mybatis.demo.netty.WebSocketNettyHandler - 前端发来的消息：{"send":"123","receive":"","info":"你好","type":2,"id":5613}
2021-07-25 14:27:13.988 INFO  com.mybatis.demo.netty.WebSocketNettyHandler - 有新的链接，当前链接数：1
2021-07-25 14:27:13.990 INFO  com.mybatis.demo.netty.WebSocketNettyHandler - 前端发来的消息：{"send":"123","receive":"","info":"老子来啦!","type":1,"id":8169}
2021-07-25 14:27:30.633 INFO  com.mybatis.demo.netty.WebSocketNettyHandler - 有新的链接，当前链接数：2
2021-07-25 14:27:30.636 INFO  com.mybatis.demo.netty.WebSocketNettyHandler - 前端发来的消息：{"send":"456","receive":"","info":"老子来啦!","type":1,"id":2297}
2021-07-25 14:27:33.754 INFO  com.mybatis.demo.netty.WebSocketNettyHandler - 前端发来的消息：{"send":"456","receive":"","info":"nihao","type":2,"id":8396}
2021-07-25 14:27:44.340 INFO  com.mybatis.demo.netty.WebSocketNettyHandler - 前端发来的消息：{"send":"123","receive":"","info":"123","type":2,"id":6683}
2021-07-25 14:32:06.051 INFO  com.mybatis.demo.netty.WebSocketNettyHandler - 前端发来的消息：{"send":"123","receive":"","info":"你好","type":2,"id":8516}
2021-07-25 15:36:43.736 INFO  com.mybatis.demo.netty.WebSocketNettyHandler - 前端发来的消息：{"send":"123","receive":"","info":"123","type":2,"id":7741}
2021-07-25 15:38:42.437 INFO  com.mybatis.demo.DemoApplication - Starting DemoApplication using Java 1.8.0_261 on LAPTOP-RHG9F79K with PID 9976 (D:\github\spring-boot-demo\springboot-mybatis\target\classes started by Garyo in D:\github\spring-boot-demo)
2021-07-25 15:38:42.440 INFO  com.mybatis.demo.DemoApplication - The following profiles are active: dev
2021-07-25 15:38:43.152 INFO  o.s.d.r.config.RepositoryConfigurationDelegate - Multiple Spring Data modules found, entering strict repository configuration mode!
2021-07-25 15:38:43.154 INFO  o.s.d.r.config.RepositoryConfigurationDelegate - Bootstrapping Spring Data Redis repositories in DEFAULT mode.
2021-07-25 15:38:43.173 INFO  o.s.d.r.config.RepositoryConfigurationDelegate - Finished Spring Data repository scanning in 6 ms. Found 0 Redis repository interfaces.
2021-07-25 15:38:43.916 INFO  o.s.boot.web.embedded.tomcat.TomcatWebServer - Tomcat initialized with port(s): 8080 (http)
2021-07-25 15:38:43.926 INFO  org.apache.coyote.http11.Http11NioProtocol - Initializing ProtocolHandler ["http-nio-8080"]
2021-07-25 15:38:43.926 INFO  org.apache.catalina.core.StandardService - Starting service [Tomcat]
2021-07-25 15:38:43.926 INFO  org.apache.catalina.core.StandardEngine - Starting Servlet engine: [Apache Tomcat/9.0.46]
2021-07-25 15:38:44.051 INFO  o.a.c.core.ContainerBase.[Tomcat].[localhost].[/] - Initializing Spring embedded WebApplicationContext
2021-07-25 15:38:44.051 INFO  o.s.b.w.s.c.ServletWebServerApplicationContext - Root WebApplicationContext: initialization completed in 1570 ms
2021-07-25 15:38:45.083 INFO  s.d.s.w.PropertySourcedRequestMappingHandlerMapping - Mapped URL path [/v2/api-docs] onto method [springfox.documentation.swagger2.web.Swagger2Controller#getDocumentation(String, HttpServletRequest)]
2021-07-25 15:38:45.362 INFO  org.apache.coyote.http11.Http11NioProtocol - Starting ProtocolHandler ["http-nio-8080"]
2021-07-25 15:38:45.373 INFO  o.s.boot.web.embedded.tomcat.TomcatWebServer - Tomcat started on port(s): 8080 (http) with context path ''
2021-07-25 15:38:45.374 INFO  s.d.s.web.plugins.DocumentationPluginsBootstrapper - Context refreshed
2021-07-25 15:38:45.393 INFO  s.d.s.web.plugins.DocumentationPluginsBootstrapper - Found 1 custom documentation plugin(s)
2021-07-25 15:38:45.417 INFO  s.d.spring.web.scanners.ApiListingReferenceScanner - Scanning for api listing references
2021-07-25 15:38:45.511 INFO  com.mybatis.demo.DemoApplication - Started DemoApplication in 3.617 seconds (JVM running for 4.063)
2021-07-25 15:38:45.512 INFO  o.s.boot.availability.ApplicationAvailabilityBean - Application availability state LivenessState changed to CORRECT
2021-07-25 15:38:45.515 INFO  o.s.boot.availability.ApplicationAvailabilityBean - Application availability state ReadinessState changed to ACCEPTING_TRAFFIC
2021-07-25 15:38:45.713 INFO  com.mybatis.demo.netty.WebSocketNettyServer - netty server start success on port:8081
2021-07-25 15:38:51.883 INFO  o.a.c.core.ContainerBase.[Tomcat].[localhost].[/] - Initializing Spring DispatcherServlet 'dispatcherServlet'
2021-07-25 15:38:51.883 INFO  org.springframework.web.servlet.DispatcherServlet - Initializing Servlet 'dispatcherServlet'
2021-07-25 15:38:51.884 INFO  org.springframework.web.servlet.DispatcherServlet - Completed initialization in 1 ms
2021-07-25 15:38:56.860 INFO  com.mybatis.demo.netty.WebSocketNettyHandler - 有新的链接，当前链接数：1
2021-07-25 15:38:56.894 INFO  com.mybatis.demo.netty.WebSocketNettyHandler - 前端发来的消息：{"send":"zhangsan","receive":"","info":"老子来啦!","type":1,"id":4284}
2021-07-25 15:57:26.517 INFO  com.mybatis.demo.DemoApplication - Starting DemoApplication using Java 1.8.0_261 on LAPTOP-RHG9F79K with PID 23468 (D:\github\spring-boot-demo\springboot-mybatis\target\classes started by Garyo in D:\github\spring-boot-demo)
2021-07-25 15:57:26.520 INFO  com.mybatis.demo.DemoApplication - The following profiles are active: dev
2021-07-25 15:57:27.276 INFO  o.s.d.r.config.RepositoryConfigurationDelegate - Multiple Spring Data modules found, entering strict repository configuration mode!
2021-07-25 15:57:27.279 INFO  o.s.d.r.config.RepositoryConfigurationDelegate - Bootstrapping Spring Data Redis repositories in DEFAULT mode.
2021-07-25 15:57:27.300 INFO  o.s.d.r.config.RepositoryConfigurationDelegate - Finished Spring Data repository scanning in 7 ms. Found 0 Redis repository interfaces.
2021-07-25 15:57:28.051 INFO  o.s.boot.web.embedded.tomcat.TomcatWebServer - Tomcat initialized with port(s): 8080 (http)
2021-07-25 15:57:28.096 INFO  org.apache.coyote.http11.Http11NioProtocol - Initializing ProtocolHandler ["http-nio-8080"]
2021-07-25 15:57:28.096 INFO  org.apache.catalina.core.StandardService - Starting service [Tomcat]
2021-07-25 15:57:28.096 INFO  org.apache.catalina.core.StandardEngine - Starting Servlet engine: [Apache Tomcat/9.0.46]
2021-07-25 15:57:28.184 INFO  o.a.c.core.ContainerBase.[Tomcat].[localhost].[/] - Initializing Spring embedded WebApplicationContext
2021-07-25 15:57:28.185 INFO  o.s.b.w.s.c.ServletWebServerApplicationContext - Root WebApplicationContext: initialization completed in 1618 ms
2021-07-25 15:57:29.282 INFO  s.d.s.w.PropertySourcedRequestMappingHandlerMapping - Mapped URL path [/v2/api-docs] onto method [springfox.documentation.swagger2.web.Swagger2Controller#getDocumentation(String, HttpServletRequest)]
2021-07-25 15:57:29.577 INFO  org.apache.coyote.http11.Http11NioProtocol - Starting ProtocolHandler ["http-nio-8080"]
2021-07-25 15:57:29.587 INFO  o.s.boot.web.embedded.tomcat.TomcatWebServer - Tomcat started on port(s): 8080 (http) with context path ''
2021-07-25 15:57:29.588 INFO  s.d.s.web.plugins.DocumentationPluginsBootstrapper - Context refreshed
2021-07-25 15:57:29.607 INFO  s.d.s.web.plugins.DocumentationPluginsBootstrapper - Found 1 custom documentation plugin(s)
2021-07-25 15:57:29.631 INFO  s.d.spring.web.scanners.ApiListingReferenceScanner - Scanning for api listing references
2021-07-25 15:57:29.713 INFO  com.mybatis.demo.DemoApplication - Started DemoApplication in 3.75 seconds (JVM running for 4.188)
2021-07-25 15:57:29.714 INFO  o.s.boot.availability.ApplicationAvailabilityBean - Application availability state LivenessState changed to CORRECT
2021-07-25 15:57:29.716 INFO  o.s.boot.availability.ApplicationAvailabilityBean - Application availability state ReadinessState changed to ACCEPTING_TRAFFIC
2021-07-25 15:57:29.951 INFO  com.mybatis.demo.netty.WebSocketNettyServer - netty server start success on port:8081
2021-07-25 15:57:41.108 INFO  o.a.c.core.ContainerBase.[Tomcat].[localhost].[/] - Initializing Spring DispatcherServlet 'dispatcherServlet'
2021-07-25 15:57:41.108 INFO  org.springframework.web.servlet.DispatcherServlet - Initializing Servlet 'dispatcherServlet'
2021-07-25 15:57:41.109 INFO  org.springframework.web.servlet.DispatcherServlet - Completed initialization in 1 ms
2021-07-25 15:57:46.283 INFO  com.mybatis.demo.netty.WebSocketNettyHandler - 有新的链接，当前链接数：1
2021-07-25 15:57:46.318 INFO  com.mybatis.demo.netty.WebSocketNettyHandler - 前端发来的消息：{"send":"123","receive":"","info":"老子来啦!","type":1,"id":2321}
2021-07-25 15:57:57.940 INFO  com.mybatis.demo.netty.WebSocketNettyHandler - 有新的链接，当前链接数：2
2021-07-25 15:57:57.943 INFO  com.mybatis.demo.netty.WebSocketNettyHandler - 前端发来的消息：{"send":"345","receive":"","info":"老子来啦!","type":1,"id":2256}
2021-07-25 15:58:06.462 INFO  com.mybatis.demo.netty.WebSocketNettyHandler - 前端发来的消息：{"send":"345","receive":"","info":"123","type":2,"id":9973}
2021-07-25 15:58:16.680 INFO  com.mybatis.demo.netty.WebSocketNettyHandler - 前端发来的消息：{"send":"123","receive":"","info":"234","type":2,"id":3512}
2021-07-25 15:59:17.631 INFO  com.mybatis.demo.DemoApplication - Starting DemoApplication using Java 1.8.0_261 on LAPTOP-RHG9F79K with PID 2188 (D:\github\spring-boot-demo\springboot-mybatis\target\classes started by Garyo in D:\github\spring-boot-demo)
2021-07-25 15:59:17.634 INFO  com.mybatis.demo.DemoApplication - The following profiles are active: dev
2021-07-25 15:59:18.446 INFO  o.s.d.r.config.RepositoryConfigurationDelegate - Multiple Spring Data modules found, entering strict repository configuration mode!
2021-07-25 15:59:18.449 INFO  o.s.d.r.config.RepositoryConfigurationDelegate - Bootstrapping Spring Data Redis repositories in DEFAULT mode.
2021-07-25 15:59:18.472 INFO  o.s.d.r.config.RepositoryConfigurationDelegate - Finished Spring Data repository scanning in 7 ms. Found 0 Redis repository interfaces.
2021-07-25 15:59:19.221 INFO  o.s.boot.web.embedded.tomcat.TomcatWebServer - Tomcat initialized with port(s): 8080 (http)
2021-07-25 15:59:19.231 INFO  org.apache.coyote.http11.Http11NioProtocol - Initializing ProtocolHandler ["http-nio-8080"]
2021-07-25 15:59:19.232 INFO  org.apache.catalina.core.StandardService - Starting service [Tomcat]
2021-07-25 15:59:19.232 INFO  org.apache.catalina.core.StandardEngine - Starting Servlet engine: [Apache Tomcat/9.0.46]
2021-07-25 15:59:19.360 INFO  o.a.c.core.ContainerBase.[Tomcat].[localhost].[/] - Initializing Spring embedded WebApplicationContext
2021-07-25 15:59:19.360 INFO  o.s.b.w.s.c.ServletWebServerApplicationContext - Root WebApplicationContext: initialization completed in 1678 ms
2021-07-25 15:59:20.452 INFO  s.d.s.w.PropertySourcedRequestMappingHandlerMapping - Mapped URL path [/v2/api-docs] onto method [springfox.documentation.swagger2.web.Swagger2Controller#getDocumentation(String, HttpServletRequest)]
2021-07-25 15:59:20.779 INFO  org.apache.coyote.http11.Http11NioProtocol - Starting ProtocolHandler ["http-nio-8080"]
2021-07-25 15:59:20.794 INFO  o.s.boot.web.embedded.tomcat.TomcatWebServer - Tomcat started on port(s): 8080 (http) with context path ''
2021-07-25 15:59:20.795 INFO  s.d.s.web.plugins.DocumentationPluginsBootstrapper - Context refreshed
2021-07-25 15:59:20.817 INFO  s.d.s.web.plugins.DocumentationPluginsBootstrapper - Found 1 custom documentation plugin(s)
2021-07-25 15:59:20.847 INFO  s.d.spring.web.scanners.ApiListingReferenceScanner - Scanning for api listing references
2021-07-25 15:59:20.944 INFO  com.mybatis.demo.DemoApplication - Started DemoApplication in 3.886 seconds (JVM running for 4.323)
2021-07-25 15:59:20.945 INFO  o.s.boot.availability.ApplicationAvailabilityBean - Application availability state LivenessState changed to CORRECT
2021-07-25 15:59:20.948 INFO  o.s.boot.availability.ApplicationAvailabilityBean - Application availability state ReadinessState changed to ACCEPTING_TRAFFIC
2021-07-25 15:59:21.204 INFO  com.mybatis.demo.netty.WebSocketNettyServer - netty server start success on port:8081
2021-07-25 15:59:30.026 INFO  o.a.c.core.ContainerBase.[Tomcat].[localhost].[/] - Initializing Spring DispatcherServlet 'dispatcherServlet'
2021-07-25 15:59:30.026 INFO  org.springframework.web.servlet.DispatcherServlet - Initializing Servlet 'dispatcherServlet'
2021-07-25 15:59:30.027 INFO  org.springframework.web.servlet.DispatcherServlet - Completed initialization in 1 ms
2021-07-25 15:59:33.722 INFO  com.mybatis.demo.netty.WebSocketNettyHandler - 有新的链接，当前链接数：1
2021-07-25 15:59:33.754 INFO  com.mybatis.demo.netty.WebSocketNettyHandler - 前端发来的消息：{"send":"123","receive":"","info":"老子来啦!","type":1,"id":2382}
2021-07-25 16:00:01.665 INFO  com.mybatis.demo.netty.WebSocketNettyHandler - 有新的链接，当前链接数：2
2021-07-25 16:00:01.668 INFO  com.mybatis.demo.netty.WebSocketNettyHandler - 前端发来的消息：{"send":"qwe","receive":"","info":"老子来啦!","type":1,"id":1740}
2021-07-25 16:00:06.159 INFO  com.mybatis.demo.netty.WebSocketNettyHandler - 前端发来的消息：{"send":"qwe","receive":"","info":"1","type":2,"id":1655}
2021-07-25 16:01:46.096 INFO  com.mybatis.demo.netty.WebSocketNettyHandler - 前端发来的消息：{"send":"qwe","receive":"","info":"12","type":2,"id":4987}
2021-07-25 19:08:33.626 INFO  com.mybatis.demo.DemoApplication - Starting DemoApplication using Java 1.8.0_261 on LAPTOP-RHG9F79K with PID 516 (D:\github\spring-boot-demo\springboot-mybatis\target\classes started by Garyo in D:\github\spring-boot-demo)
2021-07-25 19:08:33.628 INFO  com.mybatis.demo.DemoApplication - The following profiles are active: dev
2021-07-25 19:08:34.370 INFO  o.s.d.r.config.RepositoryConfigurationDelegate - Multiple Spring Data modules found, entering strict repository configuration mode!
2021-07-25 19:08:34.373 INFO  o.s.d.r.config.RepositoryConfigurationDelegate - Bootstrapping Spring Data Redis repositories in DEFAULT mode.
2021-07-25 19:08:34.393 INFO  o.s.d.r.config.RepositoryConfigurationDelegate - Finished Spring Data repository scanning in 7 ms. Found 0 Redis repository interfaces.
2021-07-25 19:08:35.116 INFO  o.s.boot.web.embedded.tomcat.TomcatWebServer - Tomcat initialized with port(s): 8080 (http)
2021-07-25 19:08:35.126 INFO  org.apache.coyote.http11.Http11NioProtocol - Initializing ProtocolHandler ["http-nio-8080"]
2021-07-25 19:08:35.126 INFO  org.apache.catalina.core.StandardService - Starting service [Tomcat]
2021-07-25 19:08:35.126 INFO  org.apache.catalina.core.StandardEngine - Starting Servlet engine: [Apache Tomcat/9.0.46]
2021-07-25 19:08:35.251 INFO  o.a.c.core.ContainerBase.[Tomcat].[localhost].[/] - Initializing Spring embedded WebApplicationContext
2021-07-25 19:08:35.251 INFO  o.s.b.w.s.c.ServletWebServerApplicationContext - Root WebApplicationContext: initialization completed in 1572 ms
2021-07-25 19:08:36.297 INFO  s.d.s.w.PropertySourcedRequestMappingHandlerMapping - Mapped URL path [/v2/api-docs] onto method [springfox.documentation.swagger2.web.Swagger2Controller#getDocumentation(String, HttpServletRequest)]
2021-07-25 19:08:36.576 INFO  org.apache.coyote.http11.Http11NioProtocol - Starting ProtocolHandler ["http-nio-8080"]
2021-07-25 19:08:36.586 INFO  o.s.boot.web.embedded.tomcat.TomcatWebServer - Tomcat started on port(s): 8080 (http) with context path ''
2021-07-25 19:08:36.587 INFO  s.d.s.web.plugins.DocumentationPluginsBootstrapper - Context refreshed
2021-07-25 19:08:36.605 INFO  s.d.s.web.plugins.DocumentationPluginsBootstrapper - Found 1 custom documentation plugin(s)
2021-07-25 19:08:36.629 INFO  s.d.spring.web.scanners.ApiListingReferenceScanner - Scanning for api listing references
2021-07-25 19:08:36.707 INFO  com.mybatis.demo.DemoApplication - Started DemoApplication in 3.621 seconds (JVM running for 4.062)
2021-07-25 19:08:36.708 INFO  o.s.boot.availability.ApplicationAvailabilityBean - Application availability state LivenessState changed to CORRECT
2021-07-25 19:08:36.710 INFO  o.s.boot.availability.ApplicationAvailabilityBean - Application availability state ReadinessState changed to ACCEPTING_TRAFFIC
2021-07-25 19:08:36.913 INFO  com.mybatis.demo.netty.WebSocketNettyServer - netty server start success on port:8081
2021-07-25 19:08:41.740 INFO  o.a.c.core.ContainerBase.[Tomcat].[localhost].[/] - Initializing Spring DispatcherServlet 'dispatcherServlet'
2021-07-25 19:08:41.741 INFO  org.springframework.web.servlet.DispatcherServlet - Initializing Servlet 'dispatcherServlet'
2021-07-25 19:08:41.743 INFO  org.springframework.web.servlet.DispatcherServlet - Completed initialization in 2 ms
2021-07-25 19:08:45.753 INFO  com.mybatis.demo.netty.WebSocketNettyHandler - 有新的链接，当前链接数：1
2021-07-25 19:08:56.555 INFO  com.mybatis.demo.netty.WebSocketNettyHandler - 前端发来的消息：{"send":"123","receive":"","info":"老子来啦!","type":1,"id":3945}
2021-07-25 19:09:01.149 INFO  com.mybatis.demo.netty.WebSocketNettyHandler - 有新的链接，当前链接数：2
2021-07-25 19:09:01.152 INFO  com.mybatis.demo.netty.WebSocketNettyHandler - 前端发来的消息：{"send":"456","receive":"","info":"老子来啦!","type":1,"id":819}
2021-07-25 19:09:18.312 INFO  com.mybatis.demo.netty.WebSocketNettyHandler - 前端发来的消息：{"send":"456","receive":"","info":"二发哥","type":2,"id":9623}
2021-07-25 19:18:41.177 INFO  com.mybatis.demo.netty.WebSocketNettyHandler - 有新的链接，当前链接数：2
2021-07-25 19:18:41.181 INFO  com.mybatis.demo.netty.WebSocketNettyHandler - 前端发来的消息：{"send":"里斯","receive":"","info":"老子来啦!","type":1,"id":4522}
